2023:07:11 15:18:07.075 [main] INFO  Saucedemo - Entered first name
2023:07:11 15:18:07.583 [main] INFO  Saucedemo - Entered last name 
2023:07:11 15:18:08.295 [main] INFO  Saucedemo - Entered email address
2023:07:11 15:18:08.703 [main] INFO  Saucedemo - Clicked on geneder
2023:07:11 15:18:09.280 [main] INFO  Saucedemo - Entered mobile number
2023:07:11 15:18:09.775 [main] INFO  Saucedemo - Entered DOB
2023:07:11 15:18:10.126 [main] INFO  Saucedemo - Entered subject
2023:07:11 15:18:10.394 [main] INFO  Saucedemo - Clicked on Sport
2023:07:11 15:18:11.097 [main] INFO  Saucedemo - Entered Address
2023:07:11 15:18:11.810 [main] INFO  Saucedemo - Selected state
2023:07:11 15:18:12.806 [main] INFO  Saucedemo - Selected city
2023:07:11 15:18:12.843 [main] INFO  Saucedemo - title not matched
2023:07:11 15:23:19.539 [main] INFO  Saucedemo - Entered first name
2023:07:11 15:23:19.815 [main] INFO  Saucedemo - Entered last name 
2023:07:11 15:23:20.149 [main] INFO  Saucedemo - Entered email address
2023:07:11 15:23:20.325 [main] INFO  Saucedemo - Clicked on geneder
2023:07:11 15:23:20.583 [main] INFO  Saucedemo - Entered mobile number
2023:07:11 15:23:20.820 [main] INFO  Saucedemo - Entered DOB
2023:07:11 15:23:21.027 [main] INFO  Saucedemo - Entered subject
2023:07:11 15:23:21.184 [main] INFO  Saucedemo - Clicked on Sport
2023:07:11 15:23:21.536 [main] INFO  Saucedemo - Entered Address
2023:07:11 15:23:21.944 [main] INFO  Saucedemo - Selected state
2023:07:11 15:23:22.273 [main] INFO  Saucedemo - Selected city
2023:07:11 15:23:22.292 [main] INFO  Saucedemo - title not matched
2023:07:11 15:25:50.728 [main] INFO  Saucedemo - Entered first name
2023:07:11 15:25:51.008 [main] INFO  Saucedemo - Entered last name 
2023:07:11 15:25:51.335 [main] INFO  Saucedemo - Entered email address
2023:07:11 15:25:51.509 [main] INFO  Saucedemo - Clicked on geneder
2023:07:11 15:25:51.767 [main] INFO  Saucedemo - Entered mobile number
2023:07:11 15:25:52.004 [main] INFO  Saucedemo - Entered DOB
2023:07:11 15:25:52.216 [main] INFO  Saucedemo - Entered subject
2023:07:11 15:25:52.371 [main] INFO  Saucedemo - Clicked on Sport
2023:07:11 15:25:52.715 [main] INFO  Saucedemo - Entered Address
2023:07:11 15:25:53.132 [main] INFO  Saucedemo - Selected state
2023:07:11 15:25:53.464 [main] INFO  Saucedemo - Selected city
2023:07:11 15:25:53.484 [main] INFO  Saucedemo - title not matched
2023:07:11 15:28:45.779 [main] INFO  Saucedemo - Entered first name
2023:07:11 15:28:46.029 [main] INFO  Saucedemo - Entered last name 
2023:07:11 15:28:46.414 [main] INFO  Saucedemo - Entered email address
2023:07:11 15:28:46.614 [main] INFO  Saucedemo - Clicked on geneder
2023:07:11 15:28:46.903 [main] INFO  Saucedemo - Entered mobile number
2023:07:11 15:28:47.185 [main] INFO  Saucedemo - Entered DOB
2023:07:11 15:28:47.417 [main] INFO  Saucedemo - Entered subject
2023:07:11 15:28:47.599 [main] INFO  Saucedemo - Clicked on Sport
2023:07:11 15:28:48.056 [main] INFO  Saucedemo - Entered Address
2023:07:11 15:28:48.622 [main] INFO  Saucedemo - Selected state
2023:07:11 15:28:49.004 [main] INFO  Saucedemo - Selected city
2023:07:11 15:28:49.025 [main] INFO  Saucedemo - title not matched
2023:07:11 15:31:36.603 [main] INFO  Saucedemo - Entered first name
2023:07:11 15:31:36.946 [main] INFO  Saucedemo - Entered last name 
2023:07:11 15:31:37.299 [main] INFO  Saucedemo - Entered email address
2023:07:11 15:31:37.477 [main] INFO  Saucedemo - Clicked on geneder
2023:07:11 15:31:37.736 [main] INFO  Saucedemo - Entered mobile number
2023:07:11 15:31:37.974 [main] INFO  Saucedemo - Entered DOB
2023:07:11 15:31:38.187 [main] INFO  Saucedemo - Entered subject
2023:07:11 15:31:38.343 [main] INFO  Saucedemo - Clicked on Sport
2023:07:11 15:31:38.687 [main] INFO  Saucedemo - Entered Address
2023:07:11 15:31:39.105 [main] INFO  Saucedemo - Selected state
2023:07:11 15:31:39.444 [main] INFO  Saucedemo - Selected city
2023:07:11 15:31:39.463 [main] INFO  Saucedemo - title not matched
2023:07:11 15:32:40.311 [main] INFO  Saucedemo - Entered first name
2023:07:11 15:32:40.629 [main] INFO  Saucedemo - Entered last name 
2023:07:11 15:32:41.042 [main] INFO  Saucedemo - Entered email address
2023:07:11 15:32:41.234 [main] INFO  Saucedemo - Clicked on geneder
2023:07:11 15:32:41.499 [main] INFO  Saucedemo - Entered mobile number
2023:07:11 15:32:41.752 [main] INFO  Saucedemo - Entered DOB
2023:07:11 15:32:41.957 [main] INFO  Saucedemo - Entered subject
2023:07:11 15:32:42.121 [main] INFO  Saucedemo - Clicked on Sport
2023:07:11 15:32:42.487 [main] INFO  Saucedemo - Entered Address
2023:07:11 15:32:42.941 [main] INFO  Saucedemo - Selected state
2023:07:11 15:32:43.291 [main] INFO  Saucedemo - Selected city
2023:07:11 15:32:43.311 [main] INFO  Saucedemo - title not matched
2023:07:11 15:36:22.135 [main] INFO  Saucedemo - Entered first name
2023:07:11 15:36:22.421 [main] INFO  Saucedemo - Entered last name 
2023:07:11 15:36:22.749 [main] INFO  Saucedemo - Entered email address
2023:07:11 15:36:22.926 [main] INFO  Saucedemo - Clicked on geneder
2023:07:11 15:36:23.181 [main] INFO  Saucedemo - Entered mobile number
2023:07:11 15:36:23.428 [main] INFO  Saucedemo - Entered DOB
2023:07:11 15:36:23.632 [main] INFO  Saucedemo - Entered subject
2023:07:11 15:36:23.790 [main] INFO  Saucedemo - Clicked on Sport
2023:07:11 15:36:24.135 [main] INFO  Saucedemo - Entered Address
2023:07:11 15:36:24.550 [main] INFO  Saucedemo - Selected state
2023:07:11 15:36:24.879 [main] INFO  Saucedemo - Selected city
2023:07:11 15:36:24.900 [main] INFO  Saucedemo - title not matched
2023:07:16 14:40:25.419 [main] INFO  Saucedemo - Entered first name
2023:07:16 14:40:25.829 [main] INFO  Saucedemo - Entered last name 
2023:07:16 14:40:26.570 [main] INFO  Saucedemo - Entered email address
2023:07:16 14:40:26.897 [main] INFO  Saucedemo - Clicked on geneder
2023:07:16 14:40:27.355 [main] INFO  Saucedemo - Entered mobile number
2023:07:16 14:40:27.828 [main] INFO  Saucedemo - Entered DOB
2023:07:16 14:40:28.175 [main] INFO  Saucedemo - Entered subject
2023:07:16 14:40:28.457 [main] INFO  Saucedemo - Clicked on Sport
2023:07:16 14:40:29.049 [main] INFO  Saucedemo - Entered Address
2023:07:16 14:40:29.740 [main] INFO  Saucedemo - Selected state
2023:07:16 14:40:30.485 [main] INFO  Saucedemo - Selected city
2023:07:16 14:40:30.543 [main] INFO  Saucedemo - title not matched
2023:07:16 15:23:24.331 [main] INFO  Saucedemo - Entered first name
2023:07:16 15:23:24.606 [main] INFO  Saucedemo - Entered last name 
2023:07:16 15:23:25.079 [main] INFO  Saucedemo - Entered email address
2023:07:16 15:23:25.299 [main] INFO  Saucedemo - Clicked on geneder
2023:07:16 15:23:25.664 [main] INFO  Saucedemo - Entered mobile number
2023:07:16 15:23:25.970 [main] INFO  Saucedemo - Entered DOB
2023:07:16 15:23:26.224 [main] INFO  Saucedemo - Entered subject
2023:07:16 15:23:26.503 [main] INFO  Saucedemo - Clicked on Sport
2023:07:16 15:23:26.960 [main] INFO  Saucedemo - Entered Address
2023:07:16 15:23:27.504 [main] INFO  Saucedemo - Selected state
2023:07:16 15:23:28.058 [main] INFO  Saucedemo - Selected city
2023:07:16 15:23:28.084 [main] INFO  Saucedemo - title not matched
2023:07:16 15:27:59.427 [main] INFO  Saucedemo - Entered first name
2023:07:16 15:27:59.579 [main] INFO  Saucedemo - Entered last name 
2023:07:16 15:27:59.751 [main] INFO  Saucedemo - Entered email address
2023:07:16 15:28:00.109 [main] INFO  Saucedemo - Clicked on geneder
2023:07:16 15:28:00.211 [main] INFO  Saucedemo - Entered mobile number
2023:07:16 15:28:00.295 [main] INFO  Saucedemo - Entered DOB
2023:07:16 15:28:00.354 [main] INFO  Saucedemo - Entered subject
2023:07:16 15:28:00.639 [main] INFO  Saucedemo - Clicked on Sport
2023:07:16 15:28:00.805 [main] INFO  Saucedemo - Entered Address
2023:07:16 15:28:01.742 [main] INFO  Saucedemo - Selected state
2023:07:16 15:28:02.337 [main] INFO  Saucedemo - Selected city
2023:07:16 15:28:02.374 [main] INFO  Saucedemo - title not matched
2023:07:16 15:38:33.233 [main] INFO  Saucedemo - Entered first name
2023:07:16 15:38:33.576 [main] INFO  Saucedemo - Entered last name 
2023:07:16 15:38:33.989 [main] INFO  Saucedemo - Entered email address
2023:07:16 15:38:34.192 [main] INFO  Saucedemo - Clicked on geneder
2023:07:16 15:38:34.559 [main] INFO  Saucedemo - Entered mobile number
2023:07:16 15:38:34.862 [main] INFO  Saucedemo - Entered DOB
2023:07:16 15:38:35.120 [main] INFO  Saucedemo - Entered subject
2023:07:16 15:38:35.321 [main] INFO  Saucedemo - Clicked on Sport
2023:07:16 15:38:35.743 [main] INFO  Saucedemo - Entered Address
2023:07:16 15:38:36.218 [main] INFO  Saucedemo - Selected state
2023:07:16 15:38:36.601 [main] INFO  Saucedemo - Selected city
2023:07:16 15:38:36.625 [main] INFO  Saucedemo - title not matched
2023:07:16 15:40:35.898 [main] INFO  Saucedemo - Entered first name
2023:07:16 15:40:36.227 [main] INFO  Saucedemo - Entered last name 
2023:07:16 15:40:36.739 [main] INFO  Saucedemo - Entered email address
2023:07:16 15:40:36.932 [main] INFO  Saucedemo - Clicked on geneder
2023:07:16 15:40:37.196 [main] INFO  Saucedemo - Entered mobile number
2023:07:16 15:40:37.444 [main] INFO  Saucedemo - Entered DOB
2023:07:16 15:40:37.662 [main] INFO  Saucedemo - Entered subject
2023:07:16 15:40:37.837 [main] INFO  Saucedemo - Clicked on Sport
2023:07:16 15:40:38.191 [main] INFO  Saucedemo - Entered Address
2023:07:16 15:40:38.608 [main] INFO  Saucedemo - Selected state
2023:07:16 15:40:38.943 [main] INFO  Saucedemo - Selected city
2023:07:16 15:40:38.963 [main] INFO  Saucedemo - title matched
2023:07:16 16:10:53.360 [main] INFO  Saucedemo - url opened
2023:07:16 16:10:54.270 [main] INFO  Saucedemo - entered username
2023:07:16 16:10:54.742 [main] INFO  Saucedemo - entered password
2023:07:16 16:10:55.443 [main] INFO  Saucedemo - clicked on loggin button
2023:07:16 16:12:10.350 [main] INFO  Saucedemo - url opened
2023:07:16 16:12:11.265 [main] INFO  Saucedemo - entered username
2023:07:16 16:12:11.764 [main] INFO  Saucedemo - entered password
2023:07:16 16:12:12.639 [main] INFO  Saucedemo - clicked on loggin button
2023:07:16 16:17:32.092 [main] INFO  Saucedemo - url opened
2023:07:16 16:17:32.956 [main] INFO  Saucedemo - entered username
2023:07:16 16:17:33.254 [main] INFO  Saucedemo - entered password
2023:07:16 16:17:34.197 [main] INFO  Saucedemo - clicked on loggin button
2023:07:16 16:33:38.878 [main] INFO  Saucedemo - url opened
2023:07:16 16:33:40.047 [main] INFO  Saucedemo - entered username
2023:07:16 16:33:40.344 [main] INFO  Saucedemo - entered password
2023:07:16 16:33:40.887 [main] INFO  Saucedemo - clicked on loggin button
2023:07:16 16:33:41.088 [main] INFO  Saucedemo - Login successfully verifed
2023:07:16 16:34:52.696 [main] INFO  Saucedemo - url opened
2023:07:16 16:34:53.623 [main] INFO  Saucedemo - entered username
2023:07:16 16:34:54.272 [main] INFO  Saucedemo - entered password
2023:07:16 16:34:55.225 [main] INFO  Saucedemo - clicked on loggin button
2023:07:16 16:37:23.088 [main] INFO  Saucedemo - url opened
2023:07:16 16:37:23.895 [main] INFO  Saucedemo - entered username
2023:07:16 16:37:24.179 [main] INFO  Saucedemo - entered password
2023:07:16 16:37:24.690 [main] INFO  Saucedemo - clicked on loggin button
2023:07:16 16:38:43.577 [main] INFO  Saucedemo - url opened
2023:07:16 16:38:44.354 [main] INFO  Saucedemo - entered username
2023:07:16 16:38:44.661 [main] INFO  Saucedemo - entered password
2023:07:16 16:38:45.201 [main] INFO  Saucedemo - clicked on loggin button
2023:07:16 16:40:35.491 [main] INFO  Saucedemo - url opened
2023:07:16 16:40:36.358 [main] INFO  Saucedemo - entered username
2023:07:16 16:40:36.669 [main] INFO  Saucedemo - entered password
2023:07:16 16:40:37.212 [main] INFO  Saucedemo - clicked on loggin button
2023:07:16 16:43:47.028 [main] INFO  Saucedemo - url opened
2023:07:16 16:43:47.719 [main] INFO  Saucedemo - entered username
2023:07:16 16:43:48.031 [main] INFO  Saucedemo - entered password
2023:07:16 16:43:48.628 [main] INFO  Saucedemo - clicked on loggin button
2023:07:16 16:45:27.322 [main] INFO  Saucedemo - url opened
2023:07:16 16:45:28.610 [main] INFO  Saucedemo - entered username
2023:07:16 16:45:29.017 [main] INFO  Saucedemo - entered password
2023:07:16 16:45:29.788 [main] INFO  Saucedemo - clicked on loggin button
2023:07:16 16:46:55.146 [main] INFO  Saucedemo - url opened
2023:07:16 16:46:56.927 [main] INFO  Saucedemo - entered username
2023:07:16 16:46:57.962 [main] INFO  Saucedemo - entered password
2023:07:16 16:46:59.245 [main] INFO  Saucedemo - clicked on loggin button
2023:07:16 17:39:44.625 [main] INFO  Saucedemo - url opened
2023:07:16 17:39:46.892 [main] INFO  Saucedemo - entered username
2023:07:16 17:39:47.646 [main] INFO  Saucedemo - entered password
2023:07:16 17:39:49.042 [main] INFO  Saucedemo - clicked on loggin button
2023:07:16 17:39:49.521 [main] INFO  Saucedemo - Login successfully verifed
2023:07:16 17:39:50.239 [main] INFO  Saucedemo - url opened
2023:07:16 17:39:50.867 [main] INFO  Saucedemo - entered username
2023:07:16 17:39:51.429 [main] INFO  Saucedemo - entered password
2023:07:16 17:39:52.006 [main] INFO  Saucedemo - clicked on loggin button
2023:07:16 17:41:03.560 [main] INFO  Saucedemo - url opened
2023:07:16 17:41:05.149 [main] INFO  Saucedemo - entered username
2023:07:16 17:41:06.180 [main] INFO  Saucedemo - entered password
2023:07:16 17:41:07.273 [main] INFO  Saucedemo - clicked on loggin button
2023:07:16 17:41:07.561 [main] INFO  Saucedemo - Login successfully verifed
2023:07:16 17:41:09.112 [main] INFO  Saucedemo - url opened
2023:07:16 17:41:09.600 [main] INFO  Saucedemo - entered username
2023:07:16 17:41:10.151 [main] INFO  Saucedemo - entered password
2023:07:16 17:41:10.903 [main] INFO  Saucedemo - clicked on loggin button
2023:07:16 17:46:14.270 [main] INFO  Saucedemo - url opened
2023:07:16 17:46:15.414 [main] INFO  Saucedemo - entered username
2023:07:16 17:46:15.766 [main] INFO  Saucedemo - entered password
2023:07:16 17:46:16.345 [main] INFO  Saucedemo - clicked on loggin button
2023:07:16 17:46:16.643 [main] INFO  Saucedemo - Login successfully verifed
2023:07:16 17:46:17.189 [main] INFO  Saucedemo - url opened
2023:07:16 17:46:17.543 [main] INFO  Saucedemo - entered username
2023:07:16 17:46:17.842 [main] INFO  Saucedemo - entered password
2023:07:16 17:46:18.143 [main] INFO  Saucedemo - clicked on loggin button
2023:07:16 17:46:19.166 [main] INFO  Saucedemo - url opened
2023:07:16 17:46:19.684 [main] INFO  Saucedemo - entered username
2023:07:16 17:46:19.980 [main] INFO  Saucedemo - entered password
2023:07:16 17:46:20.219 [main] INFO  Saucedemo - clicked on loggin button
2023:07:16 17:48:00.178 [main] INFO  Saucedemo - url opened
2023:07:16 17:48:01.502 [main] INFO  Saucedemo - entered username
2023:07:16 17:48:01.986 [main] INFO  Saucedemo - entered password
2023:07:16 17:48:02.945 [main] INFO  Saucedemo - clicked on loggin button
2023:07:16 17:48:03.244 [main] INFO  Saucedemo - Login successfully verifed
2023:07:16 17:48:03.772 [main] INFO  Saucedemo - url opened
2023:07:16 17:48:04.155 [main] INFO  Saucedemo - entered username
2023:07:16 17:48:04.476 [main] INFO  Saucedemo - entered password
2023:07:16 17:48:04.813 [main] INFO  Saucedemo - clicked on loggin button
2023:07:16 17:48:06.084 [main] INFO  Saucedemo - url opened
2023:07:16 17:48:06.543 [main] INFO  Saucedemo - entered username
2023:07:16 17:48:06.940 [main] INFO  Saucedemo - entered password
2023:07:16 17:48:07.220 [main] INFO  Saucedemo - clicked on loggin button
2023:07:16 17:52:09.693 [main] INFO  Saucedemo - Entered first name
2023:07:16 17:52:10.025 [main] INFO  Saucedemo - Entered last name 
2023:07:16 17:52:10.510 [main] INFO  Saucedemo - Entered email address
2023:07:16 17:52:10.720 [main] INFO  Saucedemo - Clicked on geneder
2023:07:16 17:52:11.052 [main] INFO  Saucedemo - Entered mobile number
2023:07:16 17:52:11.354 [main] INFO  Saucedemo - Entered DOB
2023:07:16 17:52:11.608 [main] INFO  Saucedemo - Entered subject
2023:07:16 17:52:11.826 [main] INFO  Saucedemo - Clicked on Sport
2023:07:16 17:52:12.289 [main] INFO  Saucedemo - Entered Address
2023:07:16 17:52:13.085 [main] INFO  Saucedemo - Selected state
2023:07:16 17:52:13.579 [main] INFO  Saucedemo - Selected city
2023:07:16 17:52:13.604 [main] INFO  Saucedemo - title matched
2023:07:16 18:06:35.128 [main] INFO  Saucedemo - Entered first name
2023:07:16 18:06:35.463 [main] INFO  Saucedemo - Entered last name 
2023:07:16 18:06:35.825 [main] INFO  Saucedemo - Entered email address
2023:07:16 18:06:36.036 [main] INFO  Saucedemo - Clicked on geneder
2023:07:16 18:06:36.363 [main] INFO  Saucedemo - Entered mobile number
2023:07:16 18:06:36.625 [main] INFO  Saucedemo - Entered DOB
2023:07:16 18:06:36.893 [main] INFO  Saucedemo - Entered subject
2023:07:16 18:06:37.104 [main] INFO  Saucedemo - Clicked on Sport
2023:07:16 18:06:37.469 [main] INFO  Saucedemo - Entered Address
2023:07:16 18:06:37.969 [main] INFO  Saucedemo - Selected state
2023:07:16 18:06:38.386 [main] INFO  Saucedemo - Selected city
2023:07:16 18:06:38.412 [main] INFO  Saucedemo - title matched
2023:07:16 18:06:39.501 [main] INFO  Saucedemo - Entered first name
2023:07:16 18:06:39.789 [main] INFO  Saucedemo - Entered last name 
2023:07:16 18:06:40.144 [main] INFO  Saucedemo - Entered email address
2023:07:16 18:06:40.330 [main] INFO  Saucedemo - Clicked on geneder
2023:07:16 18:06:40.633 [main] INFO  Saucedemo - Entered mobile number
2023:07:16 18:06:40.868 [main] INFO  Saucedemo - Entered DOB
2023:07:16 18:06:41.126 [main] INFO  Saucedemo - Entered subject
2023:07:16 18:06:41.318 [main] INFO  Saucedemo - Clicked on Sport
2023:07:16 18:06:41.678 [main] INFO  Saucedemo - Entered Address
2023:07:16 18:06:42.076 [main] INFO  Saucedemo - Selected state
2023:07:16 18:06:42.460 [main] INFO  Saucedemo - Selected city
2023:07:16 18:06:42.481 [main] INFO  Saucedemo - title matched
2023:07:16 18:09:54.218 [main] INFO  Saucedemo - Entered first name
2023:07:16 18:09:54.528 [main] INFO  Saucedemo - Entered last name 
2023:07:16 18:09:54.814 [main] INFO  Saucedemo - Entered email address
2023:07:16 18:09:55.001 [main] INFO  Saucedemo - Clicked on geneder
2023:07:16 18:09:55.311 [main] INFO  Saucedemo - Entered mobile number
2023:07:16 18:09:55.535 [main] INFO  Saucedemo - Entered DOB
2023:07:16 18:09:55.759 [main] INFO  Saucedemo - Entered subject
2023:07:16 18:09:55.940 [main] INFO  Saucedemo - Clicked on Sport
2023:07:16 18:09:56.207 [main] INFO  Saucedemo - Entered Address
2023:07:16 18:09:56.619 [main] INFO  Saucedemo - Selected state
2023:07:16 18:09:56.968 [main] INFO  Saucedemo - Selected city
2023:07:16 18:09:56.989 [main] INFO  Saucedemo - title matched
2023:07:16 18:09:57.771 [main] INFO  Saucedemo - Entered first name
2023:07:16 18:09:58.022 [main] INFO  Saucedemo - Entered last name 
2023:07:16 18:09:58.314 [main] INFO  Saucedemo - Entered email address
2023:07:16 18:09:58.476 [main] INFO  Saucedemo - Clicked on geneder
2023:07:16 18:09:58.730 [main] INFO  Saucedemo - Entered mobile number
2023:07:16 18:09:58.921 [main] INFO  Saucedemo - Entered DOB
2023:07:16 18:09:59.125 [main] INFO  Saucedemo - Entered subject
2023:07:16 18:09:59.280 [main] INFO  Saucedemo - Clicked on Sport
2023:07:16 18:09:59.582 [main] INFO  Saucedemo - Entered Address
2023:07:16 18:09:59.914 [main] INFO  Saucedemo - Selected state
2023:07:16 18:10:00.281 [main] INFO  Saucedemo - Selected city
2023:07:16 18:10:00.300 [main] INFO  Saucedemo - title not matched
2023:07:16 19:37:45.490 [main] INFO  Saucedemo - url opened
2023:07:16 19:37:46.043 [main] INFO  Saucedemo - entered username
2023:07:16 19:37:46.336 [main] INFO  Saucedemo - entered password
2023:07:16 19:37:46.770 [main] INFO  Saucedemo - clicked on loggin button
2023:07:16 19:37:46.907 [main] INFO  Saucedemo - Login successfully verifed
2023:07:16 19:37:47.314 [main] INFO  Saucedemo - url opened
2023:07:16 19:37:47.640 [main] INFO  Saucedemo - entered username
2023:07:16 19:37:47.837 [main] INFO  Saucedemo - entered password
2023:07:16 19:37:48.018 [main] INFO  Saucedemo - clicked on loggin button
2023:07:16 19:38:08.556 [main] INFO  Saucedemo - url opened
2023:07:16 19:38:08.771 [main] INFO  Saucedemo - entered username
2023:07:16 19:38:08.980 [main] INFO  Saucedemo - entered password
2023:07:16 19:38:09.170 [main] INFO  Saucedemo - clicked on loggin button
2023:07:16 19:51:41.595 [main] INFO  Saucedemo - url opened
2023:07:16 19:51:42.510 [main] INFO  Saucedemo - entered username
2023:07:16 19:51:42.956 [main] INFO  Saucedemo - entered password
2023:07:16 19:51:43.729 [main] INFO  Saucedemo - clicked on loggin button
2023:07:16 19:51:44.049 [main] INFO  Saucedemo - Login successfully verifed
2023:07:16 19:51:44.671 [main] INFO  Saucedemo - url opened
2023:07:16 19:51:45.115 [main] INFO  Saucedemo - entered username
2023:07:16 19:51:45.458 [main] INFO  Saucedemo - entered password
2023:07:16 19:51:45.673 [main] INFO  Saucedemo - clicked on loggin button
2023:07:16 19:52:06.021 [main] INFO  Saucedemo - url opened
2023:07:16 19:52:06.249 [main] INFO  Saucedemo - entered username
2023:07:16 19:52:06.462 [main] INFO  Saucedemo - entered password
2023:07:16 19:52:06.621 [main] INFO  Saucedemo - clicked on loggin button
2023:07:16 20:13:38.863 [main] INFO  Saucedemo - Entered first name
2023:07:16 20:13:39.154 [main] INFO  Saucedemo - Entered last name 
2023:07:16 20:13:39.484 [main] INFO  Saucedemo - Entered email address
2023:07:16 20:13:39.673 [main] INFO  Saucedemo - Clicked on geneder
2023:07:16 20:13:40.051 [main] INFO  Saucedemo - Entered mobile number
2023:07:16 20:13:40.355 [main] INFO  Saucedemo - Entered DOB
2023:07:16 20:13:40.600 [main] INFO  Saucedemo - Entered subject
2023:07:16 20:13:40.775 [main] INFO  Saucedemo - Clicked on Sport
2023:07:16 20:13:41.075 [main] INFO  Saucedemo - Entered Address
2023:07:16 20:13:41.492 [main] INFO  Saucedemo - Selected state
2023:07:16 20:13:41.825 [main] INFO  Saucedemo - Selected city
2023:07:16 20:13:41.848 [main] INFO  Saucedemo - title matched
2023:07:16 20:13:42.597 [main] INFO  Saucedemo - Entered first name
2023:07:16 20:13:42.855 [main] INFO  Saucedemo - Entered last name 
2023:07:16 20:13:43.137 [main] INFO  Saucedemo - Entered email address
2023:07:16 20:13:43.280 [main] INFO  Saucedemo - Clicked on geneder
2023:07:16 20:13:43.557 [main] INFO  Saucedemo - Entered mobile number
2023:07:16 20:13:43.754 [main] INFO  Saucedemo - Entered DOB
2023:07:16 20:13:43.963 [main] INFO  Saucedemo - Entered subject
2023:07:16 20:13:44.114 [main] INFO  Saucedemo - Clicked on Sport
2023:07:16 20:13:44.426 [main] INFO  Saucedemo - Entered Address
2023:07:16 20:13:44.817 [main] INFO  Saucedemo - Selected state
2023:07:16 20:13:45.158 [main] INFO  Saucedemo - Selected city
2023:07:16 20:13:45.175 [main] INFO  Saucedemo - title not matched
2023:07:16 20:14:21.745 [main] INFO  Saucedemo - url opened
2023:07:16 20:14:22.484 [main] INFO  Saucedemo - entered username
2023:07:16 20:14:22.938 [main] INFO  Saucedemo - entered password
2023:07:16 20:14:23.596 [main] INFO  Saucedemo - clicked on loggin button
2023:07:16 20:14:23.768 [main] INFO  Saucedemo - Login successfully verifed
2023:07:16 20:14:24.236 [main] INFO  Saucedemo - url opened
2023:07:16 20:14:24.546 [main] INFO  Saucedemo - entered username
2023:07:16 20:14:24.732 [main] INFO  Saucedemo - entered password
2023:07:16 20:14:24.910 [main] INFO  Saucedemo - clicked on loggin button
2023:07:16 20:14:45.502 [main] INFO  Saucedemo - url opened
2023:07:16 20:14:45.819 [main] INFO  Saucedemo - entered username
2023:07:16 20:14:46.015 [main] INFO  Saucedemo - entered password
2023:07:16 20:14:46.178 [main] INFO  Saucedemo - clicked on loggin button
2023:07:16 20:15:13.812 [main] INFO  Saucedemo - Entered first name
2023:07:16 20:15:14.264 [main] INFO  Saucedemo - Entered last name 
2023:07:16 20:15:14.704 [main] INFO  Saucedemo - Entered email address
2023:07:16 20:15:14.936 [main] INFO  Saucedemo - Clicked on geneder
2023:07:16 20:15:15.386 [main] INFO  Saucedemo - Entered mobile number
2023:07:16 20:15:15.710 [main] INFO  Saucedemo - Entered DOB
2023:07:16 20:15:16.035 [main] INFO  Saucedemo - Entered subject
2023:07:16 20:15:16.216 [main] INFO  Saucedemo - Clicked on Sport
2023:07:16 20:15:16.483 [main] INFO  Saucedemo - Entered Address
2023:07:16 20:15:16.878 [main] INFO  Saucedemo - Selected state
2023:07:16 20:15:17.209 [main] INFO  Saucedemo - Selected city
2023:07:16 20:15:17.233 [main] INFO  Saucedemo - title matched
2023:07:16 20:15:17.946 [main] INFO  Saucedemo - Entered first name
2023:07:16 20:15:18.195 [main] INFO  Saucedemo - Entered last name 
2023:07:16 20:15:18.532 [main] INFO  Saucedemo - Entered email address
2023:07:16 20:15:18.691 [main] INFO  Saucedemo - Clicked on geneder
2023:07:16 20:15:18.932 [main] INFO  Saucedemo - Entered mobile number
2023:07:16 20:15:19.110 [main] INFO  Saucedemo - Entered DOB
2023:07:16 20:15:19.330 [main] INFO  Saucedemo - Entered subject
2023:07:16 20:15:19.484 [main] INFO  Saucedemo - Clicked on Sport
2023:07:16 20:15:19.777 [main] INFO  Saucedemo - Entered Address
2023:07:16 20:15:20.082 [main] INFO  Saucedemo - Selected state
2023:07:16 20:15:20.363 [main] INFO  Saucedemo - Selected city
2023:07:16 20:15:20.380 [main] INFO  Saucedemo - title not matched
2023:07:16 20:18:56.367 [main] INFO  Saucedemo - url opened
2023:07:16 20:18:57.420 [main] INFO  Saucedemo - entered username
2023:07:16 20:18:57.790 [main] INFO  Saucedemo - entered password
2023:07:16 20:18:58.285 [main] INFO  Saucedemo - clicked on loggin button
2023:07:16 20:18:58.447 [main] INFO  Saucedemo - Login successfully verifed
2023:07:16 20:19:03.762 [main] INFO  Saucedemo - url opened
2023:07:16 20:19:04.345 [main] INFO  Saucedemo - entered username
2023:07:16 20:19:04.727 [main] INFO  Saucedemo - entered password
2023:07:16 20:19:05.014 [main] INFO  Saucedemo - clicked on loggin button
2023:07:16 20:19:30.583 [main] INFO  Saucedemo - url opened
2023:07:16 20:19:31.140 [main] INFO  Saucedemo - entered username
2023:07:16 20:19:31.467 [main] INFO  Saucedemo - entered password
2023:07:16 20:19:31.721 [main] INFO  Saucedemo - clicked on loggin button
2023:07:16 20:19:57.247 [main] INFO  Saucedemo - url opened
2023:07:16 20:19:57.859 [main] INFO  Saucedemo - entered username
2023:07:16 20:19:58.107 [main] INFO  Saucedemo - entered password
2023:07:16 20:19:58.474 [main] INFO  Saucedemo - clicked on loggin button
2023:07:16 20:20:25.409 [main] INFO  Saucedemo - Entered first name
2023:07:16 20:20:25.679 [main] INFO  Saucedemo - Entered last name 
2023:07:16 20:20:25.958 [main] INFO  Saucedemo - Entered email address
2023:07:16 20:20:26.125 [main] INFO  Saucedemo - Clicked on geneder
2023:07:16 20:20:26.389 [main] INFO  Saucedemo - Entered mobile number
2023:07:16 20:20:26.611 [main] INFO  Saucedemo - Entered DOB
2023:07:16 20:20:26.825 [main] INFO  Saucedemo - Entered subject
2023:07:16 20:20:27.013 [main] INFO  Saucedemo - Clicked on Sport
2023:07:16 20:20:27.283 [main] INFO  Saucedemo - Entered Address
2023:07:16 20:20:27.722 [main] INFO  Saucedemo - Selected state
2023:07:16 20:20:28.060 [main] INFO  Saucedemo - Selected city
2023:07:16 20:20:28.080 [main] INFO  Saucedemo - title matched
2023:07:16 20:20:34.359 [main] INFO  Saucedemo - Entered first name
2023:07:16 20:20:34.644 [main] INFO  Saucedemo - Entered last name 
2023:07:16 20:20:34.936 [main] INFO  Saucedemo - Entered email address
2023:07:16 20:20:35.097 [main] INFO  Saucedemo - Clicked on geneder
2023:07:16 20:20:35.369 [main] INFO  Saucedemo - Entered mobile number
2023:07:16 20:20:35.592 [main] INFO  Saucedemo - Entered DOB
2023:07:16 20:20:35.819 [main] INFO  Saucedemo - Entered subject
2023:07:16 20:20:35.990 [main] INFO  Saucedemo - Clicked on Sport
2023:07:16 20:20:36.285 [main] INFO  Saucedemo - Entered Address
2023:07:16 20:20:36.655 [main] INFO  Saucedemo - Selected state
2023:07:16 20:20:36.974 [main] INFO  Saucedemo - Selected city
2023:07:16 20:20:36.993 [main] INFO  Saucedemo - title not matched
2023:07:16 20:20:44.217 [main] INFO  Saucedemo - Entered first name
2023:07:16 20:20:44.501 [main] INFO  Saucedemo - Entered last name 
2023:07:16 20:20:45.045 [main] INFO  Saucedemo - Entered email address
2023:07:16 20:20:45.238 [main] INFO  Saucedemo - Clicked on geneder
2023:07:16 20:20:45.480 [main] INFO  Saucedemo - Entered mobile number
2023:07:16 20:20:45.691 [main] INFO  Saucedemo - Entered DOB
2023:07:16 20:20:45.902 [main] INFO  Saucedemo - Entered subject
2023:07:16 20:20:46.066 [main] INFO  Saucedemo - Clicked on Sport
2023:07:16 20:20:46.350 [main] INFO  Saucedemo - Entered Address
2023:07:16 20:20:46.742 [main] INFO  Saucedemo - Selected state
2023:07:16 20:20:47.042 [main] INFO  Saucedemo - Selected city
2023:07:16 20:20:47.065 [main] INFO  Saucedemo - title matched
2023:07:16 20:22:47.095 [main] INFO  Saucedemo - url opened
2023:07:16 20:22:48.450 [main] INFO  Saucedemo - entered username
2023:07:16 20:22:48.696 [main] INFO  Saucedemo - entered password
2023:07:16 20:22:49.192 [main] INFO  Saucedemo - clicked on loggin button
2023:07:16 20:22:49.738 [main] INFO  Saucedemo - Login successfully verifed
2023:07:16 20:22:55.791 [main] INFO  Saucedemo - url opened
2023:07:16 20:22:56.368 [main] INFO  Saucedemo - entered username
2023:07:16 20:22:56.852 [main] INFO  Saucedemo - entered password
2023:07:16 20:22:57.089 [main] INFO  Saucedemo - clicked on loggin button
2023:07:16 20:23:22.006 [main] INFO  Saucedemo - url opened
2023:07:16 20:23:22.497 [main] INFO  Saucedemo - entered username
2023:07:16 20:23:23.042 [main] INFO  Saucedemo - entered password
2023:07:16 20:23:23.302 [main] INFO  Saucedemo - clicked on loggin button
2023:07:16 20:23:49.023 [main] INFO  Saucedemo - url opened
2023:07:16 20:23:49.741 [main] INFO  Saucedemo - entered username
2023:07:16 20:23:50.174 [main] INFO  Saucedemo - entered password
2023:07:16 20:23:50.458 [main] INFO  Saucedemo - clicked on loggin button
2023:07:16 20:27:43.136 [main] INFO  Saucedemo - url opened
2023:07:16 20:27:43.876 [main] INFO  Saucedemo - entered username
2023:07:16 20:27:44.172 [main] INFO  Saucedemo - entered password
2023:07:16 20:27:44.785 [main] INFO  Saucedemo - clicked on loggin button
2023:07:16 20:27:51.251 [main] INFO  Saucedemo - url opened
2023:07:16 20:27:51.888 [main] INFO  Saucedemo - entered username
2023:07:16 20:27:52.346 [main] INFO  Saucedemo - entered password
2023:07:16 20:27:52.717 [main] INFO  Saucedemo - clicked on loggin button
2023:07:16 20:28:18.573 [main] INFO  Saucedemo - url opened
2023:07:16 20:28:19.100 [main] INFO  Saucedemo - entered username
2023:07:16 20:28:19.408 [main] INFO  Saucedemo - entered password
2023:07:16 20:28:20.139 [main] INFO  Saucedemo - clicked on loggin button
2023:07:16 20:28:45.298 [main] INFO  Saucedemo - url opened
2023:07:16 20:28:46.016 [main] INFO  Saucedemo - entered username
2023:07:16 20:28:46.383 [main] INFO  Saucedemo - entered password
2023:07:16 20:28:46.658 [main] INFO  Saucedemo - clicked on loggin button
2023:07:16 20:32:31.323 [main] INFO  Saucedemo - url opened
2023:07:16 20:32:32.220 [main] INFO  Saucedemo - entered username
2023:07:16 20:32:32.503 [main] INFO  Saucedemo - entered password
2023:07:16 20:32:33.187 [main] INFO  Saucedemo - clicked on loggin button
2023:07:16 20:32:33.386 [main] INFO  Saucedemo - Login successfully verifed
2023:07:16 20:32:40.366 [main] INFO  Saucedemo - url opened
2023:07:16 20:32:40.996 [main] INFO  Saucedemo - entered username
2023:07:16 20:32:41.487 [main] INFO  Saucedemo - entered password
2023:07:16 20:32:41.764 [main] INFO  Saucedemo - clicked on loggin button
2023:07:16 20:33:08.828 [main] INFO  Saucedemo - url opened
2023:07:16 20:33:09.485 [main] INFO  Saucedemo - entered username
2023:07:16 20:33:10.009 [main] INFO  Saucedemo - entered password
2023:07:16 20:33:10.508 [main] INFO  Saucedemo - clicked on loggin button
2023:07:16 20:33:10.710 [main] INFO  Saucedemo - Login successfully verifed
2023:07:16 20:33:19.680 [main] INFO  Saucedemo - Entered first name
2023:07:16 20:33:20.020 [main] INFO  Saucedemo - Entered last name 
2023:07:16 20:33:20.551 [main] INFO  Saucedemo - Entered email address
2023:07:16 20:33:20.760 [main] INFO  Saucedemo - Clicked on geneder
2023:07:16 20:33:21.093 [main] INFO  Saucedemo - Entered mobile number
2023:07:16 20:33:21.308 [main] INFO  Saucedemo - Entered DOB
2023:07:16 20:33:21.547 [main] INFO  Saucedemo - Entered subject
2023:07:16 20:33:21.734 [main] INFO  Saucedemo - Clicked on Sport
2023:07:16 20:33:22.077 [main] INFO  Saucedemo - Entered Address
2023:07:16 20:33:22.574 [main] INFO  Saucedemo - Selected state
2023:07:16 20:33:22.944 [main] INFO  Saucedemo - Selected city
2023:07:16 20:33:22.963 [main] INFO  Saucedemo - title matched
2023:07:16 20:33:31.376 [main] INFO  Saucedemo - Entered first name
2023:07:16 20:33:31.704 [main] INFO  Saucedemo - Entered last name 
2023:07:16 20:33:32.006 [main] INFO  Saucedemo - Entered email address
2023:07:16 20:33:32.184 [main] INFO  Saucedemo - Clicked on geneder
2023:07:16 20:33:32.462 [main] INFO  Saucedemo - Entered mobile number
2023:07:16 20:33:32.838 [main] INFO  Saucedemo - Entered DOB
2023:07:16 20:33:33.119 [main] INFO  Saucedemo - Entered subject
2023:07:16 20:33:33.300 [main] INFO  Saucedemo - Clicked on Sport
2023:07:16 20:33:33.621 [main] INFO  Saucedemo - Entered Address
2023:07:16 20:33:34.056 [main] INFO  Saucedemo - Selected state
2023:07:16 20:33:34.395 [main] INFO  Saucedemo - Selected city
2023:07:16 20:33:34.414 [main] INFO  Saucedemo - title not matched
2023:07:16 20:33:42.684 [main] INFO  Saucedemo - Entered first name
2023:07:16 20:33:43.027 [main] INFO  Saucedemo - Entered last name 
2023:07:16 20:33:43.494 [main] INFO  Saucedemo - Entered email address
2023:07:16 20:33:43.730 [main] INFO  Saucedemo - Clicked on geneder
2023:07:16 20:33:44.062 [main] INFO  Saucedemo - Entered mobile number
2023:07:16 20:33:44.290 [main] INFO  Saucedemo - Entered DOB
2023:07:16 20:33:44.515 [main] INFO  Saucedemo - Entered subject
2023:07:16 20:33:44.702 [main] INFO  Saucedemo - Clicked on Sport
2023:07:16 20:33:45.010 [main] INFO  Saucedemo - Entered Address
2023:07:16 20:33:45.418 [main] INFO  Saucedemo - Selected state
2023:07:16 20:33:45.749 [main] INFO  Saucedemo - Selected city
2023:07:16 20:33:45.769 [main] INFO  Saucedemo - title matched
2023:07:16 20:36:17.869 [main] INFO  Saucedemo - url opened
2023:07:16 20:36:18.931 [main] INFO  Saucedemo - entered username
2023:07:16 20:36:19.222 [main] INFO  Saucedemo - entered password
2023:07:16 20:36:19.679 [main] INFO  Saucedemo - clicked on loggin button
2023:07:16 20:36:19.868 [main] INFO  Saucedemo - Login successfully verifed
2023:07:16 20:36:26.958 [main] INFO  Saucedemo - url opened
2023:07:16 20:36:27.619 [main] INFO  Saucedemo - entered username
2023:07:16 20:36:27.977 [main] INFO  Saucedemo - entered password
2023:07:16 20:36:28.235 [main] INFO  Saucedemo - clicked on loggin button
2023:07:16 20:36:55.366 [main] INFO  Saucedemo - url opened
2023:07:16 20:36:55.874 [main] INFO  Saucedemo - entered username
2023:07:16 20:36:56.261 [main] INFO  Saucedemo - entered password
2023:07:16 20:36:56.771 [main] INFO  Saucedemo - clicked on loggin button
2023:07:16 20:36:57.063 [main] INFO  Saucedemo - Login successfully verifed
2023:07:16 20:37:50.307 [main] INFO  Saucedemo - url opened
2023:07:16 20:37:51.134 [main] INFO  Saucedemo - entered username
2023:07:16 20:37:51.431 [main] INFO  Saucedemo - entered password
2023:07:16 20:37:51.877 [main] INFO  Saucedemo - clicked on loggin button
2023:07:16 20:37:52.020 [main] INFO  Saucedemo - Login successfully verifed
2023:07:16 20:38:38.139 [main] INFO  Saucedemo - url opened
2023:07:16 20:38:38.896 [main] INFO  Saucedemo - entered username
2023:07:16 20:38:39.227 [main] INFO  Saucedemo - entered password
2023:07:16 20:38:39.653 [main] INFO  Saucedemo - clicked on loggin button
2023:07:16 20:38:39.826 [main] INFO  Saucedemo - Login successfully verifed
2023:07:16 20:39:26.944 [main] INFO  Saucedemo - url opened
2023:07:16 20:39:27.832 [main] INFO  Saucedemo - entered username
2023:07:16 20:39:28.124 [main] INFO  Saucedemo - entered password
2023:07:16 20:39:28.647 [main] INFO  Saucedemo - clicked on loggin button
2023:07:16 20:40:51.703 [main] INFO  Saucedemo - url opened
2023:07:16 20:40:52.374 [main] INFO  Saucedemo - entered username
2023:07:16 20:40:52.811 [main] INFO  Saucedemo - entered password
2023:07:16 20:40:53.253 [main] INFO  Saucedemo - clicked on loggin button
2023:07:16 20:41:01.228 [main] INFO  Saucedemo - url opened
2023:07:16 20:41:01.699 [main] INFO  Saucedemo - entered username
2023:07:16 20:41:02.100 [main] INFO  Saucedemo - entered password
2023:07:16 20:41:02.577 [main] INFO  Saucedemo - clicked on loggin button
2023:07:16 20:41:02.783 [main] INFO  Saucedemo - Login successfully verifed
2023:07:16 20:41:12.022 [main] INFO  Saucedemo - Entered first name
2023:07:16 20:41:12.363 [main] INFO  Saucedemo - Entered last name 
2023:07:16 20:41:12.659 [main] INFO  Saucedemo - Entered email address
2023:07:16 20:41:12.828 [main] INFO  Saucedemo - Clicked on geneder
2023:07:16 20:41:13.094 [main] INFO  Saucedemo - Entered mobile number
2023:07:16 20:41:13.324 [main] INFO  Saucedemo - Entered DOB
2023:07:16 20:41:13.548 [main] INFO  Saucedemo - Entered subject
2023:07:16 20:41:13.733 [main] INFO  Saucedemo - Clicked on Sport
2023:07:16 20:41:14.090 [main] INFO  Saucedemo - Entered Address
2023:07:16 20:41:14.545 [main] INFO  Saucedemo - Selected state
2023:07:16 20:41:14.912 [main] INFO  Saucedemo - Selected city
2023:07:16 20:41:14.934 [main] INFO  Saucedemo - title matched
2023:07:16 20:41:23.647 [main] INFO  Saucedemo - Entered first name
2023:07:16 20:41:24.060 [main] INFO  Saucedemo - Entered last name 
2023:07:16 20:41:24.433 [main] INFO  Saucedemo - Entered email address
2023:07:16 20:41:24.633 [main] INFO  Saucedemo - Clicked on geneder
2023:07:16 20:41:24.883 [main] INFO  Saucedemo - Entered mobile number
2023:07:16 20:41:25.112 [main] INFO  Saucedemo - Entered DOB
2023:07:16 20:41:25.338 [main] INFO  Saucedemo - Entered subject
2023:07:16 20:41:25.512 [main] INFO  Saucedemo - Clicked on Sport
2023:07:16 20:41:25.830 [main] INFO  Saucedemo - Entered Address
2023:07:16 20:41:26.206 [main] INFO  Saucedemo - Selected state
2023:07:16 20:41:26.533 [main] INFO  Saucedemo - Selected city
2023:07:16 20:41:26.552 [main] INFO  Saucedemo - title not matched
2023:07:17 13:16:47.425 [main] INFO  Saucedemo - Entered first name
2023:07:17 13:16:47.874 [main] INFO  Saucedemo - Entered last name 
2023:07:17 13:16:48.359 [main] INFO  Saucedemo - Entered email address
2023:07:17 13:16:48.599 [main] INFO  Saucedemo - Clicked on geneder
2023:07:17 13:16:48.977 [main] INFO  Saucedemo - Entered mobile number
2023:07:17 13:16:49.337 [main] INFO  Saucedemo - Entered DOB
2023:07:17 13:16:49.598 [main] INFO  Saucedemo - Entered subject
2023:07:17 13:16:49.815 [main] INFO  Saucedemo - Clicked on Sport
2023:07:17 13:16:50.155 [main] INFO  Saucedemo - Entered Address
2023:07:17 13:16:50.651 [main] INFO  Saucedemo - Selected state
2023:07:17 13:16:51.038 [main] INFO  Saucedemo - Selected city
2023:07:17 13:16:51.070 [main] INFO  Saucedemo - title matched
2023:07:17 13:16:58.393 [main] INFO  Saucedemo - Entered first name
2023:07:17 13:16:58.834 [main] INFO  Saucedemo - Entered last name 
2023:07:17 13:16:59.326 [main] INFO  Saucedemo - Entered email address
2023:07:17 13:32:21.942 [main] INFO  Saucedemo - Entered first name
2023:07:17 13:32:22.382 [main] INFO  Saucedemo - Entered last name 
2023:07:17 13:32:22.863 [main] INFO  Saucedemo - Entered email address
2023:07:17 13:32:23.126 [main] INFO  Saucedemo - Clicked on geneder
2023:07:17 13:32:23.504 [main] INFO  Saucedemo - Entered mobile number
2023:07:17 13:32:23.790 [main] INFO  Saucedemo - Entered DOB
2023:07:17 13:32:24.109 [main] INFO  Saucedemo - Entered subject
2023:07:17 13:32:24.352 [main] INFO  Saucedemo - Clicked on Sport
2023:07:17 13:32:24.824 [main] INFO  Saucedemo - Entered Address
2023:07:17 13:32:25.370 [main] INFO  Saucedemo - Selected state
2023:07:17 13:32:25.938 [main] INFO  Saucedemo - Selected city
2023:07:17 13:32:26.014 [main] INFO  Saucedemo - title not matched
2023:07:17 14:30:58.880 [main] INFO  Saucedemo - Entered first name
2023:07:17 14:30:59.218 [main] INFO  Saucedemo - Entered last name 
2023:07:17 14:30:59.532 [main] INFO  Saucedemo - Entered email address
2023:07:17 14:30:59.729 [main] INFO  Saucedemo - Clicked on geneder
2023:07:17 14:31:00.061 [main] INFO  Saucedemo - Entered mobile number
2023:07:17 14:31:00.327 [main] INFO  Saucedemo - Entered DOB
2023:07:17 14:31:00.573 [main] INFO  Saucedemo - Entered subject
2023:07:17 14:31:00.765 [main] INFO  Saucedemo - Clicked on Sport
2023:07:17 14:31:01.126 [main] INFO  Saucedemo - Entered Address
2023:07:17 14:31:01.642 [main] INFO  Saucedemo - Selected state
2023:07:17 14:31:02.138 [main] INFO  Saucedemo - Selected city
2023:07:17 14:31:02.171 [main] INFO  Saucedemo - title not matched
2023:07:17 14:32:23.669 [main] INFO  Saucedemo - Entered first name
2023:07:17 14:32:23.971 [main] INFO  Saucedemo - Entered last name 
2023:07:17 14:32:24.314 [main] INFO  Saucedemo - Entered email address
2023:07:17 14:32:24.516 [main] INFO  Saucedemo - Clicked on geneder
2023:07:17 14:32:24.809 [main] INFO  Saucedemo - Entered mobile number
2023:07:17 14:32:25.039 [main] INFO  Saucedemo - Entered DOB
2023:07:17 14:32:25.286 [main] INFO  Saucedemo - Entered subject
2023:07:17 14:32:25.476 [main] INFO  Saucedemo - Clicked on Sport
2023:07:17 14:32:25.801 [main] INFO  Saucedemo - Entered Address
2023:07:17 14:32:26.284 [main] INFO  Saucedemo - Selected state
2023:07:17 14:32:26.682 [main] INFO  Saucedemo - Selected city
2023:07:17 14:32:26.702 [main] INFO  Saucedemo - title not matched
2023:07:17 14:35:07.041 [main] INFO  Saucedemo - Entered first name
2023:07:17 14:35:07.382 [main] INFO  Saucedemo - Entered last name 
2023:07:17 14:35:07.735 [main] INFO  Saucedemo - Entered email address
2023:07:17 14:35:07.923 [main] INFO  Saucedemo - Clicked on geneder
2023:07:17 14:35:08.205 [main] INFO  Saucedemo - Entered mobile number
2023:07:17 14:35:08.442 [main] INFO  Saucedemo - Entered DOB
2023:07:17 14:35:08.678 [main] INFO  Saucedemo - Entered subject
2023:07:17 14:35:08.873 [main] INFO  Saucedemo - Clicked on Sport
2023:07:17 14:35:09.214 [main] INFO  Saucedemo - Entered Address
2023:07:17 14:35:09.652 [main] INFO  Saucedemo - Selected state
2023:07:17 14:35:10.053 [main] INFO  Saucedemo - Selected city
2023:07:17 14:35:10.076 [main] INFO  Saucedemo - title not matched
2023:07:17 14:35:54.718 [main] INFO  Saucedemo - Entered first name
2023:07:17 14:35:55.065 [main] INFO  Saucedemo - Entered last name 
2023:07:17 14:35:55.402 [main] INFO  Saucedemo - Entered email address
2023:07:17 14:35:55.581 [main] INFO  Saucedemo - Clicked on geneder
2023:07:17 14:35:55.859 [main] INFO  Saucedemo - Entered mobile number
2023:07:17 14:35:56.089 [main] INFO  Saucedemo - Entered DOB
2023:07:17 14:35:56.320 [main] INFO  Saucedemo - Entered subject
2023:07:17 14:35:56.502 [main] INFO  Saucedemo - Clicked on Sport
2023:07:17 14:35:56.797 [main] INFO  Saucedemo - Entered Address
2023:07:17 14:35:57.209 [main] INFO  Saucedemo - Selected state
2023:07:17 14:35:57.548 [main] INFO  Saucedemo - Selected city
2023:07:17 14:35:57.569 [main] INFO  Saucedemo - title not matched
2023:07:17 14:38:00.845 [main] INFO  Saucedemo - url opened
2023:07:17 14:38:02.297 [main] INFO  Saucedemo - entered username
2023:07:17 14:38:02.649 [main] INFO  Saucedemo - entered password
2023:07:17 14:38:03.308 [main] INFO  Saucedemo - clicked on loggin button
2023:07:17 14:38:10.020 [main] INFO  Saucedemo - url opened
2023:07:17 14:38:10.632 [main] INFO  Saucedemo - entered username
2023:07:17 14:38:11.126 [main] INFO  Saucedemo - entered password
2023:07:17 14:38:11.984 [main] INFO  Saucedemo - clicked on loggin button
2023:07:17 14:38:12.208 [main] INFO  Saucedemo - Login successfully verifed
2023:07:17 14:38:18.708 [main] INFO  Saucedemo - Entered first name
2023:07:17 14:38:19.009 [main] INFO  Saucedemo - Entered last name 
2023:07:17 14:38:19.395 [main] INFO  Saucedemo - Entered email address
2023:07:17 14:38:19.669 [main] INFO  Saucedemo - Clicked on geneder
2023:07:17 14:38:19.984 [main] INFO  Saucedemo - Entered mobile number
2023:07:17 14:38:20.216 [main] INFO  Saucedemo - Entered DOB
2023:07:17 14:38:20.479 [main] INFO  Saucedemo - Entered subject
2023:07:17 14:38:20.671 [main] INFO  Saucedemo - Clicked on Sport
2023:07:17 14:38:21.223 [main] INFO  Saucedemo - Entered Address
2023:07:17 14:38:21.782 [main] INFO  Saucedemo - Selected state
2023:07:17 14:38:22.189 [main] INFO  Saucedemo - Selected city
2023:07:17 14:38:22.221 [main] INFO  Saucedemo - title not matched
2023:07:17 14:40:33.019 [main] INFO  Saucedemo - url opened
2023:07:17 14:40:33.865 [main] INFO  Saucedemo - entered username
2023:07:17 14:40:34.128 [main] INFO  Saucedemo - entered password
2023:07:17 14:40:34.589 [main] INFO  Saucedemo - clicked on loggin button
2023:07:17 14:40:40.574 [main] INFO  Saucedemo - url opened
2023:07:17 14:40:41.111 [main] INFO  Saucedemo - entered username
2023:07:17 14:40:41.509 [main] INFO  Saucedemo - entered password
2023:07:17 14:40:41.978 [main] INFO  Saucedemo - clicked on loggin button
2023:07:17 14:40:42.140 [main] INFO  Saucedemo - Login successfully verifed
2023:07:17 14:40:47.120 [main] INFO  Saucedemo - url opened
2023:07:17 14:40:47.671 [main] INFO  Saucedemo - entered username
2023:07:17 14:40:48.137 [main] INFO  Saucedemo - entered password
2023:07:17 14:40:48.670 [main] INFO  Saucedemo - clicked on loggin button
2023:07:17 14:40:54.163 [main] INFO  Saucedemo - url opened
2023:07:17 14:40:54.683 [main] INFO  Saucedemo - entered username
2023:07:17 14:40:55.079 [main] INFO  Saucedemo - entered password
2023:07:17 14:40:55.536 [main] INFO  Saucedemo - clicked on loggin button
2023:07:17 14:41:01.983 [main] INFO  Saucedemo - url opened
2023:07:17 14:41:02.435 [main] INFO  Saucedemo - entered username
2023:07:17 14:41:02.746 [main] INFO  Saucedemo - entered password
2023:07:17 14:41:03.331 [main] INFO  Saucedemo - clicked on loggin button
2023:07:17 14:41:03.492 [main] INFO  Saucedemo - Login successfully verifed
2023:07:17 14:41:11.096 [main] INFO  Saucedemo - Entered first name
2023:07:17 14:41:11.352 [main] INFO  Saucedemo - Entered last name 
2023:07:17 14:41:11.702 [main] INFO  Saucedemo - Entered email address
2023:07:17 14:41:11.930 [main] INFO  Saucedemo - Clicked on geneder
2023:07:17 14:41:12.247 [main] INFO  Saucedemo - Entered mobile number
2023:07:17 14:41:12.464 [main] INFO  Saucedemo - Entered DOB
2023:07:17 14:41:12.700 [main] INFO  Saucedemo - Entered subject
2023:07:17 14:41:12.883 [main] INFO  Saucedemo - Clicked on Sport
2023:07:17 14:41:13.202 [main] INFO  Saucedemo - Entered Address
2023:07:17 14:41:13.653 [main] INFO  Saucedemo - Selected state
2023:07:17 14:41:13.977 [main] INFO  Saucedemo - Selected city
2023:07:17 14:41:14.001 [main] INFO  Saucedemo - title not matched
2023:07:17 14:41:21.231 [main] INFO  Saucedemo - Entered first name
2023:07:17 14:41:21.510 [main] INFO  Saucedemo - Entered last name 
2023:07:17 14:41:21.807 [main] INFO  Saucedemo - Entered email address
2023:07:17 14:41:21.977 [main] INFO  Saucedemo - Clicked on geneder
2023:07:17 14:41:22.291 [main] INFO  Saucedemo - Entered mobile number
2023:07:17 14:41:22.537 [main] INFO  Saucedemo - Entered DOB
2023:07:17 14:41:22.789 [main] INFO  Saucedemo - Entered subject
2023:07:17 14:41:22.986 [main] INFO  Saucedemo - Clicked on Sport
2023:07:17 14:41:23.270 [main] INFO  Saucedemo - Entered Address
2023:07:17 14:41:23.635 [main] INFO  Saucedemo - Selected state
2023:07:17 14:41:23.948 [main] INFO  Saucedemo - Selected city
2023:07:17 14:41:23.968 [main] INFO  Saucedemo - title not matched
2023:07:17 14:41:30.726 [main] INFO  Saucedemo - Entered first name
2023:07:17 14:41:31.041 [main] INFO  Saucedemo - Entered last name 
2023:07:17 14:41:31.362 [main] INFO  Saucedemo - Entered email address
2023:07:17 14:41:31.534 [main] INFO  Saucedemo - Clicked on geneder
2023:07:17 14:41:31.799 [main] INFO  Saucedemo - Entered mobile number
2023:07:17 14:41:32.024 [main] INFO  Saucedemo - Entered DOB
2023:07:17 14:41:32.241 [main] INFO  Saucedemo - Entered subject
2023:07:17 14:41:32.411 [main] INFO  Saucedemo - Clicked on Sport
2023:07:17 14:41:32.697 [main] INFO  Saucedemo - Entered Address
2023:07:17 14:41:33.125 [main] INFO  Saucedemo - Selected state
2023:07:17 14:41:33.457 [main] INFO  Saucedemo - Selected city
2023:07:17 14:41:33.475 [main] INFO  Saucedemo - title matched
2023:07:17 14:55:34.502 [main] INFO  Saucedemo - Entered first name
2023:07:17 14:55:34.823 [main] INFO  Saucedemo - Entered last name 
2023:07:17 14:55:35.158 [main] INFO  Saucedemo - Entered email address
2023:07:17 14:55:35.344 [main] INFO  Saucedemo - Clicked on geneder
2023:07:17 14:55:35.624 [main] INFO  Saucedemo - Entered mobile number
2023:07:17 14:55:35.861 [main] INFO  Saucedemo - Entered DOB
2023:07:17 14:55:36.119 [main] INFO  Saucedemo - Entered subject
2023:07:17 14:55:36.308 [main] INFO  Saucedemo - Clicked on Sport
2023:07:17 14:55:36.640 [main] INFO  Saucedemo - Entered Address
2023:07:17 14:55:37.071 [main] INFO  Saucedemo - Selected state
2023:07:17 14:55:37.422 [main] INFO  Saucedemo - Selected city
2023:07:17 14:55:37.442 [main] INFO  Saucedemo - title not matched
2023:07:17 14:58:14.638 [main] INFO  Saucedemo - Entered first name
2023:07:17 14:58:14.964 [main] INFO  Saucedemo - Entered last name 
2023:07:17 14:58:15.258 [main] INFO  Saucedemo - Entered email address
2023:07:17 14:58:15.439 [main] INFO  Saucedemo - Clicked on geneder
2023:07:17 14:58:15.740 [main] INFO  Saucedemo - Entered mobile number
2023:07:17 14:58:16.006 [main] INFO  Saucedemo - Entered DOB
2023:07:17 14:58:16.232 [main] INFO  Saucedemo - Entered subject
2023:07:17 14:58:16.408 [main] INFO  Saucedemo - Clicked on Sport
2023:07:17 14:58:16.730 [main] INFO  Saucedemo - Entered Address
2023:07:17 14:58:17.147 [main] INFO  Saucedemo - Selected state
2023:07:17 14:58:17.487 [main] INFO  Saucedemo - Selected city
2023:07:17 14:58:17.507 [main] INFO  Saucedemo - title not matched
2023:07:17 15:02:57.672 [main] INFO  Saucedemo - Entered first name
2023:07:17 15:02:57.959 [main] INFO  Saucedemo - Entered last name 
2023:07:17 15:02:58.260 [main] INFO  Saucedemo - Entered email address
2023:07:17 15:02:58.431 [main] INFO  Saucedemo - Clicked on geneder
2023:07:17 15:02:58.697 [main] INFO  Saucedemo - Entered mobile number
2023:07:17 15:02:58.915 [main] INFO  Saucedemo - Entered DOB
2023:07:17 15:02:59.151 [main] INFO  Saucedemo - Entered subject
2023:07:17 15:02:59.324 [main] INFO  Saucedemo - Clicked on Sport
2023:07:17 15:02:59.651 [main] INFO  Saucedemo - Entered Address
2023:07:17 15:03:00.071 [main] INFO  Saucedemo - Selected state
2023:07:17 15:03:00.408 [main] INFO  Saucedemo - Selected city
2023:07:17 15:03:00.430 [main] INFO  Saucedemo - title not matched
2023:07:17 15:03:08.644 [main] INFO  Saucedemo - Entered first name
2023:07:17 15:03:08.924 [main] INFO  Saucedemo - Entered last name 
2023:07:17 15:03:09.233 [main] INFO  Saucedemo - Entered email address
2023:07:17 15:03:09.423 [main] INFO  Saucedemo - Clicked on geneder
2023:07:17 15:03:09.712 [main] INFO  Saucedemo - Entered mobile number
2023:07:17 15:03:09.925 [main] INFO  Saucedemo - Entered DOB
2023:07:17 15:03:10.152 [main] INFO  Saucedemo - Entered subject
2023:07:17 15:03:10.324 [main] INFO  Saucedemo - Clicked on Sport
2023:07:17 15:03:10.650 [main] INFO  Saucedemo - Entered Address
2023:07:17 15:03:11.026 [main] INFO  Saucedemo - Selected state
2023:07:17 15:03:11.359 [main] INFO  Saucedemo - Selected city
2023:07:17 15:03:11.379 [main] INFO  Saucedemo - title not matched
2023:07:17 15:03:19.429 [main] INFO  Saucedemo - Entered first name
2023:07:17 15:03:19.726 [main] INFO  Saucedemo - Entered last name 
2023:07:17 15:03:20.054 [main] INFO  Saucedemo - Entered email address
2023:07:17 15:03:20.248 [main] INFO  Saucedemo - Clicked on geneder
2023:07:17 15:03:20.510 [main] INFO  Saucedemo - Entered mobile number
2023:07:17 15:03:20.720 [main] INFO  Saucedemo - Entered DOB
2023:07:17 15:03:20.951 [main] INFO  Saucedemo - Entered subject
2023:07:17 15:03:21.126 [main] INFO  Saucedemo - Clicked on Sport
2023:07:17 15:03:21.436 [main] INFO  Saucedemo - Entered Address
2023:07:17 15:03:21.834 [main] INFO  Saucedemo - Selected state
2023:07:17 15:03:22.173 [main] INFO  Saucedemo - Selected city
2023:07:17 15:03:22.190 [main] INFO  Saucedemo - title matched
2023:07:17 15:05:58.565 [main] INFO  Saucedemo - Entered first name
2023:07:17 15:05:58.873 [main] INFO  Saucedemo - Entered last name 
2023:07:17 15:05:59.188 [main] INFO  Saucedemo - Entered email address
2023:07:17 15:05:59.365 [main] INFO  Saucedemo - Clicked on geneder
2023:07:17 15:05:59.650 [main] INFO  Saucedemo - Entered mobile number
2023:07:17 15:05:59.868 [main] INFO  Saucedemo - Entered DOB
2023:07:17 15:06:00.146 [main] INFO  Saucedemo - Entered subject
2023:07:17 15:06:00.347 [main] INFO  Saucedemo - Clicked on Sport
2023:07:17 15:06:00.666 [main] INFO  Saucedemo - Entered Address
2023:07:17 15:06:01.080 [main] INFO  Saucedemo - Selected state
2023:07:17 15:06:01.416 [main] INFO  Saucedemo - Selected city
2023:07:17 15:06:01.441 [main] INFO  Saucedemo - title not matched
2023:07:17 15:06:09.651 [main] INFO  Saucedemo - Entered first name
2023:07:17 15:06:09.953 [main] INFO  Saucedemo - Entered last name 
2023:07:17 15:06:10.256 [main] INFO  Saucedemo - Entered email address
2023:07:17 15:06:10.437 [main] INFO  Saucedemo - Clicked on geneder
2023:07:17 15:06:10.700 [main] INFO  Saucedemo - Entered mobile number
2023:07:17 15:06:10.926 [main] INFO  Saucedemo - Entered DOB
2023:07:17 15:06:11.156 [main] INFO  Saucedemo - Entered subject
2023:07:17 15:06:11.327 [main] INFO  Saucedemo - Clicked on Sport
2023:07:17 15:06:11.719 [main] INFO  Saucedemo - Entered Address
2023:07:17 15:06:12.096 [main] INFO  Saucedemo - Selected state
2023:07:17 15:06:12.428 [main] INFO  Saucedemo - Selected city
2023:07:17 15:06:12.451 [main] INFO  Saucedemo - title matched
2023:07:17 15:08:31.513 [main] INFO  Saucedemo - Entered first name
2023:07:17 15:08:31.866 [main] INFO  Saucedemo - Entered last name 
2023:07:17 15:08:32.265 [main] INFO  Saucedemo - Entered email address
2023:07:17 15:08:32.480 [main] INFO  Saucedemo - Clicked on geneder
2023:07:17 15:08:32.784 [main] INFO  Saucedemo - Entered mobile number
2023:07:17 15:08:33.044 [main] INFO  Saucedemo - Entered DOB
2023:07:17 15:08:33.330 [main] INFO  Saucedemo - Entered subject
2023:07:17 15:08:33.566 [main] INFO  Saucedemo - Clicked on Sport
2023:07:17 15:08:33.914 [main] INFO  Saucedemo - Entered Address
2023:07:17 15:08:34.372 [main] INFO  Saucedemo - Selected state
2023:07:17 15:08:34.846 [main] INFO  Saucedemo - Selected city
2023:07:17 15:08:34.881 [main] INFO  Saucedemo - title not matched
2023:07:17 15:11:37.950 [main] INFO  Saucedemo - Entered first name
2023:07:17 15:11:38.358 [main] INFO  Saucedemo - Entered last name 
2023:07:17 15:11:38.868 [main] INFO  Saucedemo - Entered email address
2023:07:17 15:11:39.138 [main] INFO  Saucedemo - Clicked on geneder
2023:07:17 15:11:39.577 [main] INFO  Saucedemo - Entered mobile number
2023:07:17 15:11:39.878 [main] INFO  Saucedemo - Entered DOB
2023:07:17 15:11:40.209 [main] INFO  Saucedemo - Entered subject
2023:07:17 15:11:40.477 [main] INFO  Saucedemo - Clicked on Sport
2023:07:17 15:11:40.895 [main] INFO  Saucedemo - Entered Address
2023:07:17 15:11:41.468 [main] INFO  Saucedemo - Selected state
2023:07:17 15:11:42.001 [main] INFO  Saucedemo - Selected city
2023:07:17 15:11:42.029 [main] INFO  Saucedemo - title not matched
2023:07:17 15:25:37.915 [main] INFO  Saucedemo - Entered first name
2023:07:17 15:25:38.607 [main] INFO  Saucedemo - Entered last name 
2023:07:17 15:25:38.971 [main] INFO  Saucedemo - Entered email address
2023:07:17 15:25:39.183 [main] INFO  Saucedemo - Clicked on geneder
2023:07:17 15:25:39.881 [main] INFO  Saucedemo - Entered mobile number
2023:07:17 15:25:40.173 [main] INFO  Saucedemo - Entered DOB
2023:07:17 15:25:40.467 [main] INFO  Saucedemo - Entered subject
2023:07:17 15:25:40.732 [main] INFO  Saucedemo - Clicked on Sport
2023:07:17 15:25:41.138 [main] INFO  Saucedemo - Entered Address
2023:07:17 15:25:41.680 [main] INFO  Saucedemo - Selected state
2023:07:17 15:25:42.129 [main] INFO  Saucedemo - Selected city
2023:07:17 15:25:42.164 [main] INFO  Saucedemo - title not matched
2023:07:17 15:34:22.238 [main] INFO  Saucedemo - Entered first name
2023:07:17 15:34:23.275 [main] INFO  Saucedemo - Entered last name 
2023:07:17 15:34:23.951 [main] INFO  Saucedemo - Entered email address
2023:07:17 15:34:24.266 [main] INFO  Saucedemo - Clicked on geneder
2023:07:17 15:34:24.745 [main] INFO  Saucedemo - Entered mobile number
2023:07:17 15:34:25.381 [main] INFO  Saucedemo - Entered DOB
2023:07:17 15:34:25.884 [main] INFO  Saucedemo - Entered subject
2023:07:17 15:34:26.300 [main] INFO  Saucedemo - Clicked on Sport
2023:07:17 15:34:27.054 [main] INFO  Saucedemo - Entered Address
2023:07:17 15:34:28.676 [main] INFO  Saucedemo - Selected state
2023:07:17 15:34:29.972 [main] INFO  Saucedemo - Selected city
2023:07:17 15:34:30.018 [main] INFO  Saucedemo - title not matched
2023:07:17 15:36:54.345 [main] INFO  Saucedemo - Entered first name
2023:07:17 15:36:54.842 [main] INFO  Saucedemo - Entered last name 
2023:07:17 15:36:55.363 [main] INFO  Saucedemo - Entered email address
2023:07:17 15:36:55.645 [main] INFO  Saucedemo - Clicked on geneder
2023:07:17 15:36:56.064 [main] INFO  Saucedemo - Entered mobile number
2023:07:17 15:36:56.341 [main] INFO  Saucedemo - Entered DOB
2023:07:17 15:36:56.644 [main] INFO  Saucedemo - Entered subject
2023:07:17 15:36:56.870 [main] INFO  Saucedemo - Clicked on Sport
2023:07:17 15:36:57.286 [main] INFO  Saucedemo - Entered Address
2023:07:17 15:36:57.861 [main] INFO  Saucedemo - Selected state
2023:07:17 15:36:58.315 [main] INFO  Saucedemo - Selected city
2023:07:17 15:36:58.368 [main] INFO  Saucedemo - title matched
2023:07:17 15:40:05.206 [main] INFO  Saucedemo - Entered first name
2023:07:17 15:40:05.651 [main] INFO  Saucedemo - Entered last name 
2023:07:17 15:40:06.260 [main] INFO  Saucedemo - Entered email address
2023:07:17 15:40:06.574 [main] INFO  Saucedemo - Clicked on geneder
2023:07:17 15:40:07.013 [main] INFO  Saucedemo - Entered mobile number
2023:07:17 15:40:07.283 [main] INFO  Saucedemo - Entered DOB
2023:07:17 15:40:07.580 [main] INFO  Saucedemo - Entered subject
2023:07:17 15:40:07.818 [main] INFO  Saucedemo - Clicked on Sport
2023:07:17 15:40:08.217 [main] INFO  Saucedemo - Entered Address
2023:07:17 15:40:08.895 [main] INFO  Saucedemo - Selected state
2023:07:17 15:40:09.655 [main] INFO  Saucedemo - Selected city
2023:07:17 15:40:09.683 [main] INFO  Saucedemo - title matched
2023:07:17 15:43:32.326 [main] INFO  Saucedemo - Entered first name
2023:07:17 15:43:32.840 [main] INFO  Saucedemo - Entered last name 
2023:07:17 15:43:33.669 [main] INFO  Saucedemo - Entered email address
2023:07:17 15:43:34.438 [main] INFO  Saucedemo - Clicked on geneder
2023:07:17 15:43:35.162 [main] INFO  Saucedemo - Entered mobile number
2023:07:17 15:43:35.573 [main] INFO  Saucedemo - Entered DOB
2023:07:17 15:43:35.951 [main] INFO  Saucedemo - Entered subject
2023:07:17 15:43:36.191 [main] INFO  Saucedemo - Clicked on Sport
2023:07:17 15:43:36.602 [main] INFO  Saucedemo - Entered Address
2023:07:17 15:43:37.201 [main] INFO  Saucedemo - Selected state
2023:07:17 15:43:37.767 [main] INFO  Saucedemo - Selected city
2023:07:17 15:43:37.821 [main] INFO  Saucedemo - title matched
2023:07:17 15:45:13.158 [main] INFO  Saucedemo - Entered first name
2023:07:17 15:45:13.708 [main] INFO  Saucedemo - Entered last name 
2023:07:17 15:45:14.229 [main] INFO  Saucedemo - Entered email address
2023:07:17 15:45:14.464 [main] INFO  Saucedemo - Clicked on geneder
2023:07:17 15:45:14.835 [main] INFO  Saucedemo - Entered mobile number
2023:07:17 15:45:15.150 [main] INFO  Saucedemo - Entered DOB
2023:07:17 15:45:15.454 [main] INFO  Saucedemo - Entered subject
2023:07:17 15:45:15.679 [main] INFO  Saucedemo - Clicked on Sport
2023:07:17 15:45:16.051 [main] INFO  Saucedemo - Entered Address
2023:07:17 15:45:16.576 [main] INFO  Saucedemo - Selected state
2023:07:17 15:45:17.011 [main] INFO  Saucedemo - Selected city
2023:07:17 15:45:17.035 [main] INFO  Saucedemo - title matched
2023:07:17 15:45:26.953 [main] INFO  Saucedemo - Entered first name
2023:07:17 15:45:27.361 [main] INFO  Saucedemo - Entered last name 
2023:07:17 15:45:27.798 [main] INFO  Saucedemo - Entered email address
2023:07:17 15:45:28.014 [main] INFO  Saucedemo - Clicked on geneder
2023:07:17 15:45:28.353 [main] INFO  Saucedemo - Entered mobile number
2023:07:17 15:45:28.633 [main] INFO  Saucedemo - Entered DOB
2023:07:17 15:45:28.924 [main] INFO  Saucedemo - Entered subject
2023:07:17 15:45:29.146 [main] INFO  Saucedemo - Clicked on Sport
2023:07:17 15:45:29.514 [main] INFO  Saucedemo - Entered Address
2023:07:17 15:45:30.007 [main] INFO  Saucedemo - Selected state
2023:07:17 15:45:30.548 [main] INFO  Saucedemo - Selected city
2023:07:17 15:45:30.658 [main] INFO  Saucedemo - title not matched
2023:07:17 15:48:56.388 [main] INFO  Saucedemo - Entered first name
2023:07:17 15:48:56.922 [main] INFO  Saucedemo - Entered last name 
2023:07:17 15:48:57.392 [main] INFO  Saucedemo - Entered email address
2023:07:17 15:48:57.600 [main] INFO  Saucedemo - Clicked on geneder
2023:07:17 15:48:57.937 [main] INFO  Saucedemo - Entered mobile number
2023:07:17 15:48:58.227 [main] INFO  Saucedemo - Entered DOB
2023:07:17 15:48:58.521 [main] INFO  Saucedemo - Entered subject
2023:07:17 15:48:58.746 [main] INFO  Saucedemo - Clicked on Sport
2023:07:17 15:48:59.106 [main] INFO  Saucedemo - Entered Address
2023:07:17 15:48:59.630 [main] INFO  Saucedemo - Selected state
2023:07:17 15:49:00.087 [main] INFO  Saucedemo - Selected city
2023:07:17 15:49:00.115 [main] INFO  Saucedemo - title matched
2023:07:17 15:49:09.773 [main] INFO  Saucedemo - Entered first name
2023:07:17 15:49:10.187 [main] INFO  Saucedemo - Entered last name 
2023:07:17 15:49:10.553 [main] INFO  Saucedemo - Entered email address
2023:07:17 15:49:10.768 [main] INFO  Saucedemo - Clicked on geneder
2023:07:17 15:49:11.101 [main] INFO  Saucedemo - Entered mobile number
2023:07:17 15:49:11.382 [main] INFO  Saucedemo - Entered DOB
2023:07:17 15:49:11.665 [main] INFO  Saucedemo - Entered subject
2023:07:17 15:49:11.879 [main] INFO  Saucedemo - Clicked on Sport
2023:07:17 15:49:12.253 [main] INFO  Saucedemo - Entered Address
2023:07:17 15:49:12.729 [main] INFO  Saucedemo - Selected state
2023:07:17 15:49:13.158 [main] INFO  Saucedemo - Selected city
2023:07:17 15:49:13.194 [main] INFO  Saucedemo - title not matched
2023:07:17 16:02:53.637 [main] INFO  Saucedemo - Entered first name
2023:07:17 16:02:54.043 [main] INFO  Saucedemo - Entered last name 
2023:07:17 16:02:54.450 [main] INFO  Saucedemo - Entered email address
2023:07:17 16:02:54.706 [main] INFO  Saucedemo - Clicked on geneder
2023:07:17 16:02:55.101 [main] INFO  Saucedemo - Entered mobile number
2023:07:17 16:02:55.511 [main] INFO  Saucedemo - Entered DOB
2023:07:17 16:02:55.823 [main] INFO  Saucedemo - Entered subject
2023:07:17 16:02:56.076 [main] INFO  Saucedemo - Clicked on Sport
2023:07:17 16:02:56.498 [main] INFO  Saucedemo - Entered Address
2023:07:17 16:02:57.134 [main] INFO  Saucedemo - Selected state
2023:07:17 16:02:57.671 [main] INFO  Saucedemo - Selected city
2023:07:17 16:02:57.715 [main] INFO  Saucedemo - title matched
2023:07:17 16:03:07.778 [main] INFO  Saucedemo - Entered first name
2023:07:17 16:03:08.414 [main] INFO  Saucedemo - Entered last name 
2023:07:17 16:03:08.983 [main] INFO  Saucedemo - Entered email address
2023:07:17 16:03:09.457 [main] INFO  Saucedemo - Clicked on geneder
2023:07:17 16:03:10.100 [main] INFO  Saucedemo - Entered mobile number
2023:07:17 16:03:10.522 [main] INFO  Saucedemo - Entered DOB
2023:07:17 16:03:10.881 [main] INFO  Saucedemo - Entered subject
2023:07:17 16:03:11.193 [main] INFO  Saucedemo - Clicked on Sport
2023:07:17 16:03:11.702 [main] INFO  Saucedemo - Entered Address
2023:07:17 16:03:12.642 [main] INFO  Saucedemo - Selected state
2023:07:17 16:03:13.580 [main] INFO  Saucedemo - Selected city
2023:07:17 16:03:13.617 [main] INFO  Saucedemo - title not matched
2023:07:17 16:10:41.826 [main] INFO  Saucedemo - Entered first name
2023:07:17 16:10:42.233 [main] INFO  Saucedemo - Entered last name 
2023:07:17 16:10:42.634 [main] INFO  Saucedemo - Entered email address
2023:07:17 16:10:42.889 [main] INFO  Saucedemo - Clicked on geneder
2023:07:17 16:10:43.280 [main] INFO  Saucedemo - Entered mobile number
2023:07:17 16:10:43.634 [main] INFO  Saucedemo - Entered DOB
2023:07:17 16:10:44.030 [main] INFO  Saucedemo - Entered subject
2023:07:17 16:10:44.295 [main] INFO  Saucedemo - Clicked on Sport
2023:07:17 16:10:44.660 [main] INFO  Saucedemo - Entered Address
2023:07:17 16:10:45.306 [main] INFO  Saucedemo - Selected state
2023:07:17 16:10:45.813 [main] INFO  Saucedemo - Selected city
2023:07:17 16:10:45.841 [main] INFO  Saucedemo - title matched
2023:07:17 16:10:55.563 [main] INFO  Saucedemo - Entered first name
2023:07:17 16:10:56.110 [main] INFO  Saucedemo - Entered last name 
2023:07:17 16:10:56.616 [main] INFO  Saucedemo - Entered email address
2023:07:17 16:10:56.871 [main] INFO  Saucedemo - Clicked on geneder
2023:07:17 16:10:57.304 [main] INFO  Saucedemo - Entered mobile number
2023:07:17 16:10:57.597 [main] INFO  Saucedemo - Entered DOB
2023:07:17 16:10:57.869 [main] INFO  Saucedemo - Entered subject
2023:07:17 16:10:58.088 [main] INFO  Saucedemo - Clicked on Sport
2023:07:17 16:10:58.451 [main] INFO  Saucedemo - Entered Address
2023:07:17 16:10:58.936 [main] INFO  Saucedemo - Selected state
2023:07:17 16:10:59.350 [main] INFO  Saucedemo - Selected city
2023:07:17 16:10:59.380 [main] INFO  Saucedemo - title not matched
2023:07:17 16:13:24.095 [main] INFO  Saucedemo - Entered first name
2023:07:17 16:13:24.546 [main] INFO  Saucedemo - Entered last name 
2023:07:17 16:13:24.953 [main] INFO  Saucedemo - Entered email address
2023:07:17 16:13:25.160 [main] INFO  Saucedemo - Clicked on geneder
2023:07:17 16:13:25.492 [main] INFO  Saucedemo - Entered mobile number
2023:07:17 16:13:25.765 [main] INFO  Saucedemo - Entered DOB
2023:07:17 16:13:26.042 [main] INFO  Saucedemo - Entered subject
2023:07:17 16:13:26.284 [main] INFO  Saucedemo - Clicked on Sport
2023:07:17 16:13:26.670 [main] INFO  Saucedemo - Entered Address
2023:07:17 16:13:27.179 [main] INFO  Saucedemo - Selected state
2023:07:17 16:13:27.595 [main] INFO  Saucedemo - Selected city
2023:07:17 16:13:27.622 [main] INFO  Saucedemo - title matched
2023:07:17 16:13:36.627 [main] INFO  Saucedemo - Entered first name
2023:07:17 16:13:37.052 [main] INFO  Saucedemo - Entered last name 
2023:07:17 16:13:37.624 [main] INFO  Saucedemo - Entered email address
2023:07:17 16:13:37.929 [main] INFO  Saucedemo - Clicked on geneder
2023:07:17 16:13:38.444 [main] INFO  Saucedemo - Entered mobile number
2023:07:17 16:13:38.729 [main] INFO  Saucedemo - Entered DOB
2023:07:17 16:13:38.998 [main] INFO  Saucedemo - Entered subject
2023:07:17 16:13:39.200 [main] INFO  Saucedemo - Clicked on Sport
2023:07:17 16:13:39.550 [main] INFO  Saucedemo - Entered Address
2023:07:17 16:13:40.020 [main] INFO  Saucedemo - Selected state
2023:07:17 16:13:40.429 [main] INFO  Saucedemo - Selected city
2023:07:17 16:13:40.454 [main] INFO  Saucedemo - title not matched
2023:07:17 16:18:38.197 [main] INFO  Saucedemo - url opened
2023:07:17 16:18:39.302 [main] INFO  Saucedemo - entered username
2023:07:17 16:18:39.784 [main] INFO  Saucedemo - entered password
2023:07:17 16:18:40.709 [main] INFO  Saucedemo - clicked on loggin button
2023:07:17 16:18:51.023 [main] INFO  Saucedemo - url opened
2023:07:17 16:18:52.811 [main] INFO  Saucedemo - entered username
2023:07:17 16:18:53.462 [main] INFO  Saucedemo - entered password
2023:07:17 16:18:54.673 [main] INFO  Saucedemo - clicked on loggin button
2023:07:17 16:18:55.057 [main] INFO  Saucedemo - Login successfully verifed
2023:07:17 16:19:03.673 [main] INFO  Saucedemo - url opened
2023:07:17 16:19:04.522 [main] INFO  Saucedemo - entered username
2023:07:17 16:19:05.066 [main] INFO  Saucedemo - entered password
2023:07:17 16:19:05.856 [main] INFO  Saucedemo - clicked on loggin button
2023:07:17 16:19:15.175 [main] INFO  Saucedemo - url opened
2023:07:17 16:19:16.503 [main] INFO  Saucedemo - entered username
2023:07:17 16:19:16.986 [main] INFO  Saucedemo - entered password
2023:07:17 16:19:17.930 [main] INFO  Saucedemo - clicked on loggin button
2023:07:17 16:19:28.277 [main] INFO  Saucedemo - url opened
2023:07:17 16:19:29.024 [main] INFO  Saucedemo - entered username
2023:07:17 16:19:29.863 [main] INFO  Saucedemo - entered password
2023:07:17 16:19:30.835 [main] INFO  Saucedemo - clicked on loggin button
2023:07:17 16:19:31.083 [main] INFO  Saucedemo - Login successfully verifed
2023:07:17 16:19:41.975 [main] INFO  Saucedemo - Entered first name
2023:07:17 16:19:42.342 [main] INFO  Saucedemo - Entered last name 
2023:07:17 16:19:42.834 [main] INFO  Saucedemo - Entered email address
2023:07:17 16:19:43.105 [main] INFO  Saucedemo - Clicked on geneder
2023:07:17 16:19:43.631 [main] INFO  Saucedemo - Entered mobile number
2023:07:17 16:19:44.046 [main] INFO  Saucedemo - Entered DOB
2023:07:17 16:19:44.416 [main] INFO  Saucedemo - Entered subject
2023:07:17 16:19:44.726 [main] INFO  Saucedemo - Clicked on Sport
2023:07:17 16:19:45.201 [main] INFO  Saucedemo - Entered Address
2023:07:17 16:19:45.836 [main] INFO  Saucedemo - Selected state
2023:07:17 16:19:46.596 [main] INFO  Saucedemo - Selected city
2023:07:17 16:19:46.636 [main] INFO  Saucedemo - title matched
2023:07:17 16:19:57.170 [main] INFO  Saucedemo - Entered first name
2023:07:17 16:19:57.686 [main] INFO  Saucedemo - Entered last name 
2023:07:17 16:19:58.214 [main] INFO  Saucedemo - Entered email address
2023:07:17 16:19:58.473 [main] INFO  Saucedemo - Clicked on geneder
2023:07:17 16:19:59.041 [main] INFO  Saucedemo - Entered mobile number
2023:07:17 16:19:59.485 [main] INFO  Saucedemo - Entered DOB
2023:07:17 16:19:59.979 [main] INFO  Saucedemo - Entered subject
2023:07:17 16:20:00.488 [main] INFO  Saucedemo - Clicked on Sport
2023:07:17 16:20:01.020 [main] INFO  Saucedemo - Entered Address
2023:07:17 16:20:01.765 [main] INFO  Saucedemo - Selected state
2023:07:17 16:20:02.810 [main] INFO  Saucedemo - Selected city
2023:07:17 16:20:02.852 [main] INFO  Saucedemo - title not matched
2023:07:17 16:48:27.459 [main] INFO  Saucedemo - Entered first name
2023:07:17 16:48:27.997 [main] INFO  Saucedemo - Entered last name 
2023:07:17 16:48:28.373 [main] INFO  Saucedemo - Entered email address
2023:07:17 16:48:28.590 [main] INFO  Saucedemo - Clicked on geneder
2023:07:17 16:48:28.936 [main] INFO  Saucedemo - Entered mobile number
2023:07:17 16:48:29.229 [main] INFO  Saucedemo - Entered DOB
2023:07:17 16:48:29.522 [main] INFO  Saucedemo - Entered subject
2023:07:17 16:48:29.760 [main] INFO  Saucedemo - Clicked on Sport
2023:07:17 16:48:30.165 [main] INFO  Saucedemo - Entered Address
2023:07:17 16:48:30.740 [main] INFO  Saucedemo - Selected state
2023:07:17 16:48:31.150 [main] INFO  Saucedemo - Selected city
2023:07:17 16:48:31.183 [main] INFO  Saucedemo - title matched
2023:07:17 16:48:40.819 [main] INFO  Saucedemo - Entered first name
2023:07:17 16:48:41.231 [main] INFO  Saucedemo - Entered last name 
2023:07:17 16:48:41.697 [main] INFO  Saucedemo - Entered email address
2023:07:17 16:48:41.925 [main] INFO  Saucedemo - Clicked on geneder
2023:07:17 16:48:42.310 [main] INFO  Saucedemo - Entered mobile number
2023:07:17 16:48:42.586 [main] INFO  Saucedemo - Entered DOB
2023:07:17 16:48:42.865 [main] INFO  Saucedemo - Entered subject
2023:07:17 16:48:43.101 [main] INFO  Saucedemo - Clicked on Sport
2023:07:17 16:48:43.459 [main] INFO  Saucedemo - Entered Address
2023:07:17 16:48:43.919 [main] INFO  Saucedemo - Selected state
2023:07:17 16:48:44.317 [main] INFO  Saucedemo - Selected city
2023:07:17 16:48:44.345 [main] INFO  Saucedemo - title not matched
2023:07:17 16:54:36.526 [main] INFO  Saucedemo - url opened
2023:07:17 16:54:37.580 [main] INFO  Saucedemo - entered username
2023:07:17 16:54:38.280 [main] INFO  Saucedemo - entered password
2023:07:17 16:54:38.916 [main] INFO  Saucedemo - clicked on loggin button
2023:07:17 16:54:49.257 [main] INFO  Saucedemo - url opened
2023:07:17 16:54:49.829 [main] INFO  Saucedemo - entered username
2023:07:17 16:54:50.339 [main] INFO  Saucedemo - entered password
2023:07:17 16:54:50.968 [main] INFO  Saucedemo - clicked on loggin button
2023:07:17 16:54:51.155 [main] INFO  Saucedemo - Login successfully verifed
2023:07:17 16:55:01.512 [main] INFO  Saucedemo - Entered first name
2023:07:17 16:55:01.933 [main] INFO  Saucedemo - Entered last name 
2023:07:17 16:55:02.381 [main] INFO  Saucedemo - Entered email address
2023:07:17 16:55:02.596 [main] INFO  Saucedemo - Clicked on geneder
2023:07:17 16:55:02.931 [main] INFO  Saucedemo - Entered mobile number
2023:07:17 16:55:03.193 [main] INFO  Saucedemo - Entered DOB
2023:07:17 16:55:03.507 [main] INFO  Saucedemo - Entered subject
2023:07:17 16:55:03.792 [main] INFO  Saucedemo - Clicked on Sport
2023:07:17 16:55:04.324 [main] INFO  Saucedemo - Entered Address
2023:07:17 16:55:04.900 [main] INFO  Saucedemo - Selected state
2023:07:17 16:55:05.386 [main] INFO  Saucedemo - Selected city
2023:07:17 16:55:05.433 [main] INFO  Saucedemo - title matched
2023:07:17 16:55:14.743 [main] INFO  Saucedemo - Entered first name
2023:07:17 16:55:15.130 [main] INFO  Saucedemo - Entered last name 
2023:07:17 16:55:15.498 [main] INFO  Saucedemo - Entered email address
2023:07:17 16:55:15.697 [main] INFO  Saucedemo - Clicked on geneder
2023:07:17 16:55:16.063 [main] INFO  Saucedemo - Entered mobile number
2023:07:17 16:55:16.354 [main] INFO  Saucedemo - Entered DOB
2023:07:17 16:55:16.619 [main] INFO  Saucedemo - Entered subject
2023:07:17 16:55:16.828 [main] INFO  Saucedemo - Clicked on Sport
2023:07:17 16:55:17.207 [main] INFO  Saucedemo - Entered Address
2023:07:17 16:55:17.707 [main] INFO  Saucedemo - Selected state
2023:07:17 16:55:18.161 [main] INFO  Saucedemo - Selected city
2023:07:17 16:55:18.191 [main] INFO  Saucedemo - title not matched
2023:07:17 17:12:21.868 [main] INFO  Saucedemo - url opened
2023:07:17 17:12:22.737 [main] INFO  Saucedemo - entered username
2023:07:17 17:12:23.174 [main] INFO  Saucedemo - entered password
2023:07:17 17:12:24.346 [main] INFO  Saucedemo - clicked on loggin button
2023:07:17 17:12:35.338 [main] INFO  Saucedemo - url opened
2023:07:17 17:12:36.544 [main] INFO  Saucedemo - entered username
2023:07:17 17:12:36.936 [main] INFO  Saucedemo - entered password
2023:07:17 17:12:37.831 [main] INFO  Saucedemo - clicked on loggin button
2023:07:17 17:12:38.107 [main] INFO  Saucedemo - Login successfully verifed
2023:07:17 17:12:51.949 [main] INFO  Saucedemo - Entered first name
2023:07:17 17:12:52.299 [main] INFO  Saucedemo - Entered last name 
2023:07:17 17:12:52.672 [main] INFO  Saucedemo - Entered email address
2023:07:17 17:12:52.872 [main] INFO  Saucedemo - Clicked on geneder
2023:07:17 17:12:53.213 [main] INFO  Saucedemo - Entered mobile number
2023:07:17 17:12:53.539 [main] INFO  Saucedemo - Entered DOB
2023:07:17 17:12:53.821 [main] INFO  Saucedemo - Entered subject
2023:07:17 17:12:54.055 [main] INFO  Saucedemo - Clicked on Sport
2023:07:17 17:12:54.425 [main] INFO  Saucedemo - Entered Address
2023:07:17 17:12:54.870 [main] INFO  Saucedemo - Selected state
2023:07:17 17:12:55.254 [main] INFO  Saucedemo - Selected city
2023:07:17 17:12:55.278 [main] INFO  Saucedemo - title matched
2023:07:17 17:13:04.125 [main] INFO  Saucedemo - Entered first name
2023:07:17 17:13:04.523 [main] INFO  Saucedemo - Entered last name 
2023:07:17 17:13:04.868 [main] INFO  Saucedemo - Entered email address
2023:07:17 17:13:05.061 [main] INFO  Saucedemo - Clicked on geneder
2023:07:17 17:13:05.342 [main] INFO  Saucedemo - Entered mobile number
2023:07:17 17:13:05.603 [main] INFO  Saucedemo - Entered DOB
2023:07:17 17:13:05.846 [main] INFO  Saucedemo - Entered subject
2023:07:17 17:13:06.037 [main] INFO  Saucedemo - Clicked on Sport
2023:07:17 17:13:06.369 [main] INFO  Saucedemo - Entered Address
2023:07:17 17:13:06.786 [main] INFO  Saucedemo - Selected state
2023:07:17 17:13:07.175 [main] INFO  Saucedemo - Selected city
2023:07:17 17:13:07.200 [main] INFO  Saucedemo - title not matched
2023:07:17 17:23:51.772 [main] INFO  Saucedemo - url opened
2023:07:17 17:23:52.515 [main] INFO  Saucedemo - entered username
2023:07:17 17:23:52.958 [main] INFO  Saucedemo - entered password
2023:07:17 17:23:53.521 [main] INFO  Saucedemo - clicked on loggin button
2023:07:17 17:24:02.814 [main] INFO  Saucedemo - url opened
2023:07:17 17:24:03.386 [main] INFO  Saucedemo - entered username
2023:07:17 17:24:03.930 [main] INFO  Saucedemo - entered password
2023:07:17 17:24:04.658 [main] INFO  Saucedemo - clicked on loggin button
2023:07:17 17:24:04.944 [main] INFO  Saucedemo - Login successfully verifed
2023:07:17 17:27:43.612 [main] INFO  Saucedemo - url opened
2023:07:17 17:27:44.354 [main] INFO  Saucedemo - entered username
2023:07:17 17:27:44.801 [main] INFO  Saucedemo - entered password
2023:07:17 17:27:45.304 [main] INFO  Saucedemo - clicked on loggin button
2023:07:17 17:27:54.163 [main] INFO  Saucedemo - url opened
2023:07:17 17:27:54.761 [main] INFO  Saucedemo - entered username
2023:07:17 17:27:55.105 [main] INFO  Saucedemo - entered password
2023:07:17 17:27:55.587 [main] INFO  Saucedemo - clicked on loggin button
2023:07:17 17:27:55.780 [main] INFO  Saucedemo - Login successfully verifed
2023:07:17 17:39:11.014 [main] INFO  Saucedemo - url opened
2023:07:17 17:39:11.791 [main] INFO  Saucedemo - entered username
2023:07:17 17:39:12.147 [main] INFO  Saucedemo - entered password
2023:07:17 17:39:13.205 [main] INFO  Saucedemo - clicked on loggin button
2023:07:17 17:39:21.232 [main] INFO  Saucedemo - url opened
2023:07:17 17:39:21.789 [main] INFO  Saucedemo - entered username
2023:07:17 17:39:22.201 [main] INFO  Saucedemo - entered password
2023:07:17 17:39:23.226 [main] INFO  Saucedemo - clicked on loggin button
2023:07:17 17:39:23.389 [main] INFO  Saucedemo - Login successfully verifed
2023:07:17 18:17:57.996 [main] INFO  Saucedemo - url opened
2023:07:17 18:17:59.090 [main] INFO  Saucedemo - entered username
2023:07:17 18:17:59.517 [main] INFO  Saucedemo - entered password
2023:07:17 18:18:01.089 [main] INFO  Saucedemo - clicked on loggin button
2023:07:17 18:18:14.300 [main] INFO  Saucedemo - url opened
2023:07:17 18:18:15.026 [main] INFO  Saucedemo - entered username
2023:07:17 18:18:15.471 [main] INFO  Saucedemo - entered password
2023:07:17 18:18:17.088 [main] INFO  Saucedemo - clicked on loggin button
2023:07:17 18:18:18.216 [main] INFO  Saucedemo - Login successfully verifed
2023:07:17 19:08:18.689 [main] INFO  Saucedemo - url opened
2023:07:17 19:08:20.622 [main] INFO  Saucedemo - entered username
2023:07:17 19:08:21.372 [main] INFO  Saucedemo - entered password
2023:07:17 19:08:24.629 [main] INFO  Saucedemo - clicked on loggin button
2023:07:17 19:12:58.610 [main] INFO  Saucedemo - url opened
2023:07:17 19:12:59.345 [main] INFO  Saucedemo - entered username
2023:07:17 19:12:59.926 [main] INFO  Saucedemo - entered password
2023:07:17 19:13:01.129 [main] INFO  Saucedemo - clicked on loggin button
2023:07:17 19:16:05.764 [main] INFO  Saucedemo - url opened
2023:07:17 19:16:07.511 [main] INFO  Saucedemo - entered username
2023:07:17 19:16:07.954 [main] INFO  Saucedemo - entered password
2023:07:17 19:16:09.194 [main] INFO  Saucedemo - clicked on loggin button
2023:07:17 19:18:47.594 [main] INFO  Saucedemo - url opened
2023:07:17 19:18:48.904 [main] INFO  Saucedemo - entered username
2023:07:17 19:18:49.528 [main] INFO  Saucedemo - entered password
2023:07:17 19:18:51.235 [main] INFO  Saucedemo - clicked on loggin button
2023:07:17 19:20:16.557 [main] INFO  Saucedemo - url opened
2023:07:17 19:20:17.380 [main] INFO  Saucedemo - entered username
2023:07:17 19:20:17.707 [main] INFO  Saucedemo - entered password
2023:07:17 19:20:18.722 [main] INFO  Saucedemo - clicked on loggin button
2023:07:17 19:26:38.092 [main] INFO  Saucedemo - url opened
2023:07:17 19:26:39.334 [main] INFO  Saucedemo - entered username
2023:07:17 19:26:40.318 [main] INFO  Saucedemo - entered password
2023:07:17 19:26:41.691 [main] INFO  Saucedemo - clicked on loggin button
2023:07:17 19:29:29.897 [main] INFO  Saucedemo - url opened
2023:07:17 19:29:30.752 [main] INFO  Saucedemo - entered username
2023:07:17 19:29:31.134 [main] INFO  Saucedemo - entered password
2023:07:17 19:29:32.762 [main] INFO  Saucedemo - clicked on loggin button
2023:07:17 19:35:15.140 [main] INFO  Saucedemo - url opened
2023:07:17 19:35:16.219 [main] INFO  Saucedemo - entered username
2023:07:17 19:35:17.066 [main] INFO  Saucedemo - entered password
2023:07:17 19:35:18.363 [main] INFO  Saucedemo - clicked on loggin button
2023:07:17 19:38:44.845 [main] INFO  Saucedemo - url opened
2023:07:17 19:38:49.452 [main] INFO  Saucedemo - entered username
2023:07:17 19:38:50.464 [main] INFO  Saucedemo - entered password
2023:07:17 19:38:52.772 [main] INFO  Saucedemo - clicked on loggin button
2023:07:17 19:52:51.338 [main] INFO  Saucedemo - url opened
2023:07:17 19:52:52.415 [main] INFO  Saucedemo - entered username
2023:07:17 19:52:52.910 [main] INFO  Saucedemo - entered password
2023:07:17 19:52:54.912 [main] INFO  Saucedemo - clicked on loggin button
2023:07:17 20:03:06.589 [main] INFO  Saucedemo - url opened
2023:07:17 20:03:07.499 [main] INFO  Saucedemo - entered username
2023:07:17 20:03:07.896 [main] INFO  Saucedemo - entered password
2023:07:17 20:03:10.025 [main] INFO  Saucedemo - clicked on loggin button
2023:07:17 20:07:21.160 [main] INFO  Saucedemo - url opened
2023:07:17 20:07:22.468 [main] INFO  Saucedemo - entered username
2023:07:17 20:07:25.154 [main] INFO  Saucedemo - entered password
2023:07:17 20:07:27.719 [main] INFO  Saucedemo - clicked on loggin button
2023:07:17 20:13:55.531 [main] INFO  Saucedemo - url opened
2023:07:17 20:13:56.233 [main] INFO  Saucedemo - entered username
2023:07:17 20:13:56.757 [main] INFO  Saucedemo - entered password
2023:07:17 20:13:58.416 [main] INFO  Saucedemo - clicked on loggin button
2023:07:17 20:18:12.746 [main] INFO  Saucedemo - url opened
2023:07:17 20:18:13.961 [main] INFO  Saucedemo - entered username
2023:07:17 20:18:14.781 [main] INFO  Saucedemo - entered password
2023:07:17 20:18:16.903 [main] INFO  Saucedemo - clicked on loggin button
2023:07:17 20:25:35.047 [main] INFO  Saucedemo - url opened
2023:07:17 20:25:37.761 [main] INFO  Saucedemo - entered username
2023:07:17 20:25:38.533 [main] INFO  Saucedemo - entered password
2023:07:17 20:25:40.617 [main] INFO  Saucedemo - clicked on loggin button
2023:07:17 20:30:27.956 [main] INFO  Saucedemo - url opened
2023:07:17 20:30:28.967 [main] INFO  Saucedemo - entered username
2023:07:17 20:30:29.840 [main] INFO  Saucedemo - entered password
2023:07:17 20:30:31.017 [main] INFO  Saucedemo - clicked on loggin button
2023:07:17 20:34:55.811 [main] INFO  Saucedemo - url opened
2023:07:17 20:34:57.733 [main] INFO  Saucedemo - entered username
2023:07:17 20:34:58.404 [main] INFO  Saucedemo - entered password
2023:07:17 20:35:01.019 [main] INFO  Saucedemo - clicked on loggin button
2023:07:17 20:38:02.082 [main] INFO  Saucedemo - url opened
2023:07:17 20:38:03.489 [main] INFO  Saucedemo - entered username
2023:07:17 20:38:04.054 [main] INFO  Saucedemo - entered password
2023:07:17 20:38:05.686 [main] INFO  Saucedemo - clicked on loggin button
2023:07:17 20:40:46.340 [main] INFO  Saucedemo - url opened
2023:07:17 20:40:47.599 [main] INFO  Saucedemo - entered username
2023:07:17 20:40:48.412 [main] INFO  Saucedemo - entered password
2023:07:17 20:40:50.102 [main] INFO  Saucedemo - clicked on loggin button
2023:07:17 20:44:51.566 [main] INFO  Saucedemo - url opened
2023:07:17 20:44:53.068 [main] INFO  Saucedemo - entered username
2023:07:17 20:44:55.098 [main] INFO  Saucedemo - entered password
2023:07:17 20:44:57.609 [main] INFO  Saucedemo - clicked on loggin button
2023:07:17 20:48:44.564 [main] INFO  Saucedemo - url opened
2023:07:17 20:48:46.075 [main] INFO  Saucedemo - entered username
2023:07:17 20:48:47.004 [main] INFO  Saucedemo - entered password
2023:07:17 20:48:48.696 [main] INFO  Saucedemo - clicked on loggin button
2023:07:17 20:58:26.931 [main] INFO  Saucedemo - url opened
2023:07:17 20:58:28.048 [main] INFO  Saucedemo - entered username
2023:07:17 20:58:28.388 [main] INFO  Saucedemo - entered password
2023:07:17 20:58:29.537 [main] INFO  Saucedemo - clicked on loggin button
2023:07:17 21:02:53.662 [main] INFO  Saucedemo - url opened
2023:07:17 21:02:54.222 [main] INFO  Saucedemo - entered username
2023:07:17 21:02:54.560 [main] INFO  Saucedemo - entered password
2023:07:17 21:02:55.612 [main] INFO  Saucedemo - clicked on loggin button
2023:07:17 21:09:59.962 [main] INFO  Saucedemo - url opened
2023:07:17 21:10:01.158 [main] INFO  Saucedemo - entered username
2023:07:17 21:10:01.745 [main] INFO  Saucedemo - entered password
2023:07:17 21:10:02.964 [main] INFO  Saucedemo - clicked on loggin button
2023:07:17 21:12:02.935 [main] INFO  Saucedemo - url opened
2023:07:17 21:12:03.789 [main] INFO  Saucedemo - entered username
2023:07:17 21:12:04.141 [main] INFO  Saucedemo - entered password
2023:07:17 21:12:05.285 [main] INFO  Saucedemo - clicked on loggin button
2023:07:17 21:18:44.153 [main] INFO  Saucedemo - url opened
2023:07:17 21:18:44.852 [main] INFO  Saucedemo - entered username
2023:07:17 21:18:45.201 [main] INFO  Saucedemo - entered password
2023:07:17 21:18:46.355 [main] INFO  Saucedemo - clicked on loggin button
2023:07:17 21:23:13.579 [main] INFO  Saucedemo - url opened
2023:07:17 21:23:14.169 [main] INFO  Saucedemo - entered username
2023:07:17 21:23:14.505 [main] INFO  Saucedemo - entered password
2023:07:17 21:23:15.630 [main] INFO  Saucedemo - clicked on loggin button
2023:07:17 21:26:32.040 [main] INFO  Saucedemo - url opened
2023:07:17 21:26:32.620 [main] INFO  Saucedemo - entered username
2023:07:17 21:26:33.030 [main] INFO  Saucedemo - entered password
2023:07:17 21:26:34.044 [main] INFO  Saucedemo - clicked on loggin button
2023:07:19 13:45:29.049 [main] INFO  Saucedemo - url opened
2023:07:19 13:45:30.107 [main] INFO  Saucedemo - entered username
2023:07:19 13:45:30.494 [main] INFO  Saucedemo - entered password
2023:07:19 13:45:32.246 [main] INFO  Saucedemo - clicked on loggin button
2023:07:19 14:00:33.697 [main] INFO  Saucedemo - url opened
2023:07:19 14:00:34.690 [main] INFO  Saucedemo - entered username
2023:07:19 14:00:35.134 [main] INFO  Saucedemo - entered password
2023:07:19 14:00:36.449 [main] INFO  Saucedemo - clicked on loggin button
2023:07:19 14:01:57.790 [main] INFO  Saucedemo - url opened
2023:07:19 14:01:59.020 [main] INFO  Saucedemo - entered username
2023:07:19 14:01:59.420 [main] INFO  Saucedemo - entered password
2023:07:19 14:02:00.902 [main] INFO  Saucedemo - clicked on loggin button
2023:07:19 14:04:19.076 [main] INFO  Saucedemo - url opened
2023:07:19 14:04:20.400 [main] INFO  Saucedemo - entered username
2023:07:19 14:04:20.892 [main] INFO  Saucedemo - entered password
2023:07:19 14:04:22.612 [main] INFO  Saucedemo - clicked on loggin button
2023:07:19 14:06:05.840 [main] INFO  Saucedemo - url opened
2023:07:19 14:06:07.619 [main] INFO  Saucedemo - entered username
2023:07:19 14:06:08.114 [main] INFO  Saucedemo - entered password
2023:07:19 14:06:10.499 [main] INFO  Saucedemo - clicked on loggin button
2023:07:19 14:40:38.606 [main] INFO  Saucedemo - url opened
2023:07:19 14:40:39.613 [main] INFO  Saucedemo - entered username
2023:07:19 14:40:39.985 [main] INFO  Saucedemo - entered password
2023:07:19 14:40:41.414 [main] INFO  Saucedemo - clicked on loggin button
2023:07:19 14:43:31.014 [main] INFO  Saucedemo - url opened
2023:07:19 14:43:32.492 [main] INFO  Saucedemo - entered username
2023:07:19 14:43:33.075 [main] INFO  Saucedemo - entered password
2023:07:19 14:43:35.389 [main] INFO  Saucedemo - clicked on loggin button
2023:07:19 15:12:48.782 [main] INFO  Saucedemo - url opened
2023:07:19 15:12:49.549 [main] INFO  Saucedemo - entered username
2023:07:19 15:12:49.912 [main] INFO  Saucedemo - entered password
2023:07:19 15:12:51.046 [main] INFO  Saucedemo - clicked on loggin button
2023:07:19 15:15:34.861 [main] INFO  Saucedemo - url opened
2023:07:19 15:15:35.654 [main] INFO  Saucedemo - entered username
2023:07:19 15:15:35.968 [main] INFO  Saucedemo - entered password
2023:07:19 15:15:37.052 [main] INFO  Saucedemo - clicked on loggin button
2023:07:19 15:15:37.255 [main] INFO  Saucedemo - Login successfully verifed
2023:07:19 15:30:25.682 [main] INFO  Saucedemo - url opened
2023:07:19 15:30:26.628 [main] INFO  Saucedemo - entered username
2023:07:19 15:30:27.025 [main] INFO  Saucedemo - entered password
2023:07:19 15:30:28.356 [main] INFO  Saucedemo - clicked on loggin button
2023:07:19 15:30:28.674 [main] INFO  Saucedemo - Login successfully verifed
2023:07:19 15:39:16.566 [main] INFO  Saucedemo - url opened
2023:07:19 15:39:17.705 [main] INFO  Saucedemo - entered username
2023:07:19 15:39:19.310 [main] INFO  Saucedemo - entered password
2023:07:19 15:39:21.014 [main] INFO  Saucedemo - clicked on loggin button
2023:07:19 15:39:21.363 [main] INFO  Saucedemo - Login successfully verifed
2023:07:19 15:41:51.437 [main] INFO  Saucedemo - url opened
2023:07:19 15:41:53.069 [main] INFO  Saucedemo - entered username
2023:07:19 15:41:53.690 [main] INFO  Saucedemo - entered password
2023:07:19 15:41:56.117 [main] INFO  Saucedemo - clicked on loggin button
2023:07:19 15:41:56.531 [main] INFO  Saucedemo - Login successfully verifed
2023:07:19 15:52:02.095 [main] INFO  Saucedemo - url opened
2023:07:19 15:52:04.134 [main] INFO  Saucedemo - entered username
2023:07:19 15:52:05.248 [main] INFO  Saucedemo - entered password
2023:07:19 15:52:08.349 [main] INFO  Saucedemo - clicked on loggin button
2023:07:19 15:52:08.714 [main] INFO  Saucedemo - Login successfully verifed
2023:07:23 17:43:36.676 [main] INFO  Saucedemo - url opened
2023:07:23 17:43:40.233 [main] INFO  Saucedemo - entered username
2023:07:23 17:43:42.357 [main] INFO  Saucedemo - entered password
2023:07:23 17:43:45.083 [main] INFO  Saucedemo - clicked on loggin button
2023:07:23 17:43:45.420 [main] INFO  Saucedemo - Login successfully verifed
2023:07:23 20:59:49.291 [main] INFO  Saucedemo - url opened
2023:07:23 20:59:50.253 [main] INFO  Saucedemo - entered username
2023:07:23 20:59:50.721 [main] INFO  Saucedemo - entered password
2023:07:23 21:25:22.058 [main] INFO  Saucedemo - url opened
2023:07:23 21:25:23.181 [main] INFO  Saucedemo - entered username
2023:07:23 21:25:23.731 [main] INFO  Saucedemo - entered password
2023:07:23 21:26:18.708 [main] INFO  Saucedemo - url opened
2023:07:23 21:26:19.827 [main] INFO  Saucedemo - entered username
2023:07:23 21:26:20.137 [main] INFO  Saucedemo - entered password
2023:07:23 21:26:20.846 [main] INFO  Saucedemo - clicked on loggin button
2023:07:23 21:26:21.066 [main] INFO  Saucedemo - Login successfully verifed
2023:07:23 21:29:51.326 [main] INFO  Saucedemo - url opened
2023:07:23 21:29:52.189 [main] INFO  Saucedemo - entered username
2023:07:23 21:29:52.774 [main] INFO  Saucedemo - entered password
2023:07:23 21:29:53.691 [main] INFO  Saucedemo - clicked on loggin button
2023:07:23 21:29:53.908 [main] INFO  Saucedemo - Login successfully verifed
